[00:00:10] [Server thread/WARN]: Can't keep up! Is the server overloaded? Running 5960ms or 119 ticks behind
[00:00:14] [Server thread/WARN]: Fetching packet for removed entity bab[''/2564, l='world', x=257.88, y=84.00, z=-745.87]
[00:00:31] [Server thread/WARN]: Can't keep up! Is the server overloaded? Running 6021ms or 120 ticks behind
[00:00:53] [Server thread/WARN]: Can't keep up! Is the server overloaded? Running 6604ms or 132 ticks behind
[00:01:12] [Server thread/WARN]: Can't keep up! Is the server overloaded? Running 4182ms or 83 ticks behind
[00:02:04] [Server thread/INFO]: Im_not_single lost connection: Disconnected
[00:02:04] [Server thread/INFO]: Im_not_single left the game
[00:02:52] [Server thread/WARN]: Daridar moved too quickly! 13.774380999953323,-1.50872045373346,10.638515269057962
[00:03:11] [Server thread/WARN]: Can't keep up! Is the server overloaded? Running 2001ms or 40 ticks behind
[00:03:36] [Server thread/WARN]: Can't keep up! Is the server overloaded? Running 2003ms or 40 ticks behind
[00:06:13] [Server thread/WARN]: Daridar moved too quickly! 18.005009351184427,2.1081149970145816,-1.4686482415264663
[00:06:42] [Server thread/WARN]: Fetching packet for removed entity bab[''/5494, l='world', x=212.30, y=65.26, z=-517.50]
[00:11:37] [User Authenticator #4/INFO]: UUID of player Mikkstar12 is 71539990-5192-4d00-ab15-cbc3250903d3
[00:11:37] [Server thread/INFO]: Mikkstar12[/142.120.127.9:58394] logged in with entity id 6915 at (-152.30000001192093, 199.0, -776.6999999880791)
[00:11:37] [Server thread/INFO]: Mikkstar12 joined the game
[00:12:00] [Server thread/WARN]: Can't keep up! Is the server overloaded? Running 2003ms or 40 ticks behind
[00:12:24] [Server thread/WARN]: Can't keep up! Is the server overloaded? Running 2003ms or 40 ticks behind
[00:12:46] [Server thread/WARN]: Can't keep up! Is the server overloaded? Running 2003ms or 40 ticks behind
[00:13:08] [Server thread/WARN]: Can't keep up! Is the server overloaded? Running 2001ms or 40 ticks behind
[00:13:15] [Server thread/INFO]: [Daridar: Set own game mode to Creative Mode]
[00:13:27] [Server thread/WARN]: Can't keep up! Is the server overloaded? Running 2002ms or 40 ticks behind
[00:13:46] [Server thread/WARN]: Can't keep up! Is the server overloaded? Running 2001ms or 40 ticks behind
[00:13:59] [Server thread/WARN]: Fetching packet for removed entity bab[''/7854, l='world', x=208.70, y=65.32, z=-517.50]
[00:13:59] [Server thread/WARN]: Fetching packet for removed entity bab[''/7855, l='world', x=208.70, y=65.32, z=-517.50]
[00:13:59] [Server thread/WARN]: Fetching packet for removed entity bab[''/7856, l='world', x=208.70, y=65.32, z=-517.50]
[00:13:59] [Server thread/WARN]: Fetching packet for removed entity bab[''/7857, l='world', x=208.70, y=65.32, z=-517.50]
[00:14:06] [Server thread/WARN]: Can't keep up! Is the server overloaded? Running 2009ms or 40 ticks behind
[00:14:25] [Server thread/WARN]: Can't keep up! Is the server overloaded? Running 3586ms or 71 ticks behind
[00:14:42] [Server thread/WARN]: Can't keep up! Is the server overloaded? Running 2267ms or 45 ticks behind
[00:14:48] [Server thread/WARN]: Keeping entity minecraft:strider that already exists with UUID 74a9271d-9f97-4a67-9447-1e65b600bc7d
[00:15:00] [Server thread/WARN]: Can't keep up! Is the server overloaded? Running 3513ms or 70 ticks behind
[00:15:14] [Server thread/WARN]: Fetching packet for removed entity bab[''/8562, l='world', x=212.30, y=65.26, z=-517.50]
[00:15:14] [Server thread/WARN]: Fetching packet for removed entity bab[''/8563, l='world', x=212.30, y=65.26, z=-517.50]
[00:15:14] [Server thread/WARN]: Fetching packet for removed entity bab[''/8564, l='world', x=212.30, y=65.26, z=-517.50]
[00:15:14] [Server thread/WARN]: Fetching packet for removed entity bab[''/8565, l='world', x=212.30, y=65.26, z=-517.50]
[00:15:14] [Server thread/WARN]: Fetching packet for removed entity bab[''/8566, l='world', x=212.30, y=65.26, z=-517.50]
[00:15:25] [Server thread/WARN]: Can't keep up! Is the server overloaded? Running 2007ms or 40 ticks behind
[00:17:32] [Server thread/INFO]: Mikkstar12 drowned
[00:17:36] [Server thread/WARN]: Can't keep up! Is the server overloaded? Running 2001ms or 40 ticks behind
[00:17:53] [Server thread/WARN]: Can't keep up! Is the server overloaded? Running 2003ms or 40 ticks behind
[00:18:10] [Server thread/WARN]: Can't keep up! Is the server overloaded? Running 2186ms or 43 ticks behind
[00:18:28] [Server thread/WARN]: Can't keep up! Is the server overloaded? Running 2587ms or 51 ticks behind
[00:18:37] [User Authenticator #5/INFO]: UUID of player Im_not_single is d6240600-1ff2-4c01-b80a-08185613a075
[00:18:38] [Server thread/INFO]: Im_not_single[/142.113.110.159:52263] logged in with entity id 10166 at (-154.30000001192093, 190.5, -797.3192549170816)
[00:18:38] [Server thread/INFO]: Im_not_single joined the game
[00:18:46] [Server thread/WARN]: Can't keep up! Is the server overloaded? Running 3303ms or 66 ticks behind
[00:19:06] [Server thread/WARN]: Can't keep up! Is the server overloaded? Running 4955ms or 99 ticks behind
[00:19:26] [Server thread/WARN]: Can't keep up! Is the server overloaded? Running 2004ms or 40 ticks behind
[00:19:43] [Server thread/WARN]: Can't keep up! Is the server overloaded? Running 2256ms or 45 ticks behind
[00:20:08] [Server thread/WARN]: Can't keep up! Is the server overloaded? Running 2002ms or 40 ticks behind
[00:20:30] [Server thread/WARN]: Can't keep up! Is the server overloaded? Running 2004ms or 40 ticks behind
[00:20:47] [Server thread/WARN]: Can't keep up! Is the server overloaded? Running 2016ms or 40 ticks behind
[00:20:50] [User Authenticator #6/INFO]: UUID of player SaikaKun is 2d71d21b-b24d-4946-8fb0-f63eef8b232a
[00:20:50] [Server thread/INFO]: SaikaKun[/72.141.59.126:57213] logged in with entity id 10968 at (161.8234980498596, 59.231523797587016, -1107.4887623086915)
[00:20:50] [Server thread/INFO]: SaikaKun joined the game
[00:20:57] [Server thread/INFO]: Im_not_single lost connection: Disconnected
[00:20:57] [Server thread/INFO]: Im_not_single left the game
[00:20:59] [chunk IO worker/WARN]: Failed to read chunk [-11, -14]
s: Loading NBT data
	at la.b(SourceFile:463) ~[server1.jar:?]
	at la.a(SourceFile:29) ~[server1.jar:?]
	at la$1.a(SourceFile:69) ~[server1.jar:?]
	at la$1.b(SourceFile:55) ~[server1.jar:?]
	at la.b(SourceFile:457) ~[server1.jar:?]
	at la.a(SourceFile:29) ~[server1.jar:?]
	at la$1.a(SourceFile:69) ~[server1.jar:?]
	at la$1.b(SourceFile:55) ~[server1.jar:?]
	at lk.a(SourceFile:111) ~[server1.jar:?]
	at lk.a(SourceFile:78) ~[server1.jar:?]
	at lk.a(SourceFile:74) ~[server1.jar:?]
	at chb.a(SourceFile:56) ~[server1.jar:?]
	at cgx.b(SourceFile:83) ~[server1.jar:?]
	at cgx.h(SourceFile:194) ~[server1.jar:?]
	at cgx.d(SourceFile:139) ~[server1.jar:?]
	at java.lang.Thread.run(Unknown Source) [?:1.8.0_251]
Caused by: java.util.zip.ZipException: incorrect data check
	at java.util.zip.InflaterInputStream.read(Unknown Source) ~[?:1.8.0_251]
	at java.io.BufferedInputStream.read1(Unknown Source) ~[?:1.8.0_251]
	at java.io.BufferedInputStream.read(Unknown Source) ~[?:1.8.0_251]
	at java.io.DataInputStream.readFully(Unknown Source) ~[?:1.8.0_251]
	at java.io.DataInputStream.readUTF(Unknown Source) ~[?:1.8.0_251]
	at java.io.DataInputStream.readUTF(Unknown Source) ~[?:1.8.0_251]
	at la.d(SourceFile:452) ~[server1.jar:?]
	at la.b(SourceFile:29) ~[server1.jar:?]
	at la$1.a(SourceFile:66) ~[server1.jar:?]
	at la$1.b(SourceFile:55) ~[server1.jar:?]
	at lg$1.a(SourceFile:49) ~[server1.jar:?]
	at lg$1.b(SourceFile:32) ~[server1.jar:?]
	at la.b(SourceFile:457) ~[server1.jar:?]
	... 15 more
[00:20:59] [Server thread/ERROR]: Couldn't load chunk [-11, -14]
java.util.concurrent.CompletionException: s: Loading NBT data
	at java.util.concurrent.CompletableFuture.reportJoin(Unknown Source) ~[?:1.8.0_251]
	at java.util.concurrent.CompletableFuture.join(Unknown Source) ~[?:1.8.0_251]
	at cgx.a(SourceFile:93) ~[server1.jar:?]
	at cgw.e(SourceFile:60) ~[server1.jar:?]
	at yd.i(SourceFile:858) ~[server1.jar:?]
	at yd.l(SourceFile:520) ~[server1.jar:?]
	at java.util.concurrent.CompletableFuture$AsyncSupply.run(Unknown Source) ~[?:1.8.0_251]
	at alp.c(SourceFile:144) ~[server1.jar:?]
	at yp$a.c(SourceFile:551) ~[server1.jar:?]
	at alp.w(SourceFile:118) ~[server1.jar:?]
	at yp$a.w(SourceFile:560) ~[server1.jar:?]
	at alp.c(SourceFile:127) ~[server1.jar:?]
	at yp.a(SourceFile:140) ~[server1.jar:?]
	at boq.a(SourceFile:228) ~[server1.jar:?]
	at bos.a(SourceFile:108) ~[server1.jar:?]
	at bpf.a(SourceFile:18) ~[server1.jar:?]
	at java.util.stream.ReferencePipeline$3$1.accept(Unknown Source) ~[?:1.8.0_251]
	at java.util.stream.ReferencePipeline$3$1.accept(Unknown Source) ~[?:1.8.0_251]
	at java.util.Spliterators$IteratorSpliterator.tryAdvance(Unknown Source) ~[?:1.8.0_251]
	at java.util.stream.ReferencePipeline.forEachWithCancel(Unknown Source) ~[?:1.8.0_251]
	at java.util.stream.AbstractPipeline.copyIntoWithCancel(Unknown Source) ~[?:1.8.0_251]
	at java.util.stream.AbstractPipeline.copyInto(Unknown Source) ~[?:1.8.0_251]
	at java.util.stream.AbstractPipeline.wrapAndCopyInto(Unknown Source) ~[?:1.8.0_251]
	at java.util.stream.FindOps$FindOp.evaluateSequential(Unknown Source) ~[?:1.8.0_251]
	at java.util.stream.AbstractPipeline.evaluate(Unknown Source) ~[?:1.8.0_251]
	at java.util.stream.ReferencePipeline.findFirst(Unknown Source) ~[?:1.8.0_251]
	at clr.a(SourceFile:84) ~[server1.jar:?]
	at clr.b(SourceFile:96) ~[server1.jar:?]
	at chw.a(SourceFile:66) ~[server1.jar:?]
	at boz.a(SourceFile:216) ~[server1.jar:?]
	at boz.a(SourceFile:105) ~[server1.jar:?]
	at boz.a(SourceFile:52) ~[server1.jar:?]
	at yp.a(SourceFile:406) ~[server1.jar:?]
	at it.unimi.dsi.fastutil.longs.Long2ObjectLinkedOpenHashMap$1.forEach(Long2ObjectLinkedOpenHashMap.java:1661) [server1.jar:?]
	at com.google.common.collect.Iterables$UnmodifiableIterable.forEach(Iterables.java:105) [server1.jar:?]
	at yp.o(SourceFile:371) [server1.jar:?]
	at yp.a(SourceFile:341) [server1.jar:?]
	at yr.a(SourceFile:325) [server1.jar:?]
	at net.minecraft.server.MinecraftServer.b(SourceFile:827) [server1.jar:?]
	at xr.b(SourceFile:320) [server1.jar:?]
	at net.minecraft.server.MinecraftServer.a(SourceFile:766) [server1.jar:?]
	at net.minecraft.server.MinecraftServer.run(SourceFile:625) [server1.jar:?]
	at java.lang.Thread.run(Unknown Source) [?:1.8.0_251]
Caused by: s: Loading NBT data
	at la.b(SourceFile:463) ~[server1.jar:?]
	at la.a(SourceFile:29) ~[server1.jar:?]
	at la$1.a(SourceFile:69) ~[server1.jar:?]
	at la$1.b(SourceFile:55) ~[server1.jar:?]
	at la.b(SourceFile:457) ~[server1.jar:?]
	at la.a(SourceFile:29) ~[server1.jar:?]
	at la$1.a(SourceFile:69) ~[server1.jar:?]
	at la$1.b(SourceFile:55) ~[server1.jar:?]
	at lk.a(SourceFile:111) ~[server1.jar:?]
	at lk.a(SourceFile:78) ~[server1.jar:?]
	at lk.a(SourceFile:74) ~[server1.jar:?]
	at chb.a(SourceFile:56) ~[server1.jar:?]
	at cgx.b(SourceFile:83) ~[server1.jar:?]
	at cgx.h(SourceFile:194) ~[server1.jar:?]
	at cgx.d(SourceFile:139) ~[server1.jar:?]
	... 1 more
Caused by: java.util.zip.ZipException: incorrect data check
	at java.util.zip.InflaterInputStream.read(Unknown Source) ~[?:1.8.0_251]
	at java.io.BufferedInputStream.read1(Unknown Source) ~[?:1.8.0_251]
	at java.io.BufferedInputStream.read(Unknown Source) ~[?:1.8.0_251]
	at java.io.DataInputStream.readFully(Unknown Source) ~[?:1.8.0_251]
	at java.io.DataInputStream.readUTF(Unknown Source) ~[?:1.8.0_251]
	at java.io.DataInputStream.readUTF(Unknown Source) ~[?:1.8.0_251]
	at la.d(SourceFile:452) ~[server1.jar:?]
	at la.b(SourceFile:29) ~[server1.jar:?]
	at la$1.a(SourceFile:66) ~[server1.jar:?]
	at la$1.b(SourceFile:55) ~[server1.jar:?]
	at lg$1.a(SourceFile:49) ~[server1.jar:?]
	at lg$1.b(SourceFile:32) ~[server1.jar:?]
	at la.b(SourceFile:457) ~[server1.jar:?]
	at la.a(SourceFile:29) ~[server1.jar:?]
	at la$1.a(SourceFile:69) ~[server1.jar:?]
	at la$1.b(SourceFile:55) ~[server1.jar:?]
	at la.b(SourceFile:457) ~[server1.jar:?]
	at la.a(SourceFile:29) ~[server1.jar:?]
	at la$1.a(SourceFile:69) ~[server1.jar:?]
	at la$1.b(SourceFile:55) ~[server1.jar:?]
	at lk.a(SourceFile:111) ~[server1.jar:?]
	at lk.a(SourceFile:78) ~[server1.jar:?]
	at lk.a(SourceFile:74) ~[server1.jar:?]
	at chb.a(SourceFile:56) ~[server1.jar:?]
	at cgx.b(SourceFile:83) ~[server1.jar:?]
	at cgx.h(SourceFile:194) ~[server1.jar:?]
	at cgx.d(SourceFile:139) ~[server1.jar:?]
	... 1 more
[00:21:07] [Server thread/WARN]: Can't keep up! Is the server overloaded? Running 4519ms or 90 ticks behind
[00:21:25] [Server thread/WARN]: Can't keep up! Is the server overloaded? Running 3347ms or 66 ticks behind
[00:21:43] [Server thread/WARN]: Can't keep up! Is the server overloaded? Running 3215ms or 64 ticks behind
[00:22:01] [Server thread/WARN]: Can't keep up! Is the server overloaded? Running 2568ms or 51 ticks behind
[00:22:18] [Server thread/WARN]: Can't keep up! Is the server overloaded? Running 2364ms or 47 ticks behind
[00:22:41] [Server thread/WARN]: Can't keep up! Is the server overloaded? Running 2010ms or 40 ticks behind
[00:22:58] [Server thread/WARN]: Can't keep up! Is the server overloaded? Running 2217ms or 44 ticks behind
[00:23:15] [Server thread/WARN]: Can't keep up! Is the server overloaded? Running 2260ms or 45 ticks behind
[00:23:19] [Server thread/WARN]: Mismatch in destroy block pos: fp{x=-1171, y=50, z=-219} fp{x=-1166, y=50, z=-219}
[00:23:32] [Server thread/WARN]: Can't keep up! Is the server overloaded? Running 2053ms or 41 ticks behind
[00:23:59] [Server thread/WARN]: Fetching packet for removed entity bab[''/12902, l='world', x=212.33, y=64.36, z=-517.57]
[00:24:07] [Server thread/WARN]: Can't keep up! Is the server overloaded? Running 2002ms or 40 ticks behind
[00:24:57] [Server thread/WARN]: Can't keep up! Is the server overloaded? Running 2002ms or 40 ticks behind
[00:25:32] [Server thread/WARN]: Can't keep up! Is the server overloaded? Running 2001ms or 40 ticks behind
[00:26:12] [Server thread/WARN]: Fetching packet for removed entity bab[''/13736, l='world', x=212.36, y=65.26, z=-517.51]
[00:26:21] [Server thread/WARN]: Fetching packet for removed entity bab[''/13775, l='world', x=208.70, y=65.32, z=-517.50]
[00:26:21] [Server thread/WARN]: Fetching packet for removed entity bab[''/13776, l='world', x=208.70, y=65.32, z=-517.50]
[00:26:21] [Server thread/WARN]: Fetching packet for removed entity bab[''/13777, l='world', x=208.70, y=65.32, z=-517.50]
[00:26:21] [Server thread/WARN]: Fetching packet for removed entity bab[''/13778, l='world', x=208.70, y=65.32, z=-517.50]
[00:26:21] [Server thread/WARN]: Fetching packet for removed entity bab[''/13779, l='world', x=208.70, y=65.32, z=-517.50]
[00:26:21] [Server thread/WARN]: Fetching packet for removed entity bab[''/13780, l='world', x=208.70, y=65.32, z=-517.50]
[00:26:28] [Server thread/INFO]: Elitixt lost connection: Disconnected
[00:26:28] [Server thread/INFO]: Elitixt left the game
[00:26:28] [Server thread/WARN]: Fetching packet for removed entity bab[''/13815, l='world', x=210.50, y=65.26, z=-519.30]
[00:26:29] [Server thread/WARN]: Fetching packet for removed entity bab[''/13816, l='world', x=210.50, y=65.26, z=-519.30]
[00:26:29] [Server thread/WARN]: Fetching packet for removed entity bab[''/13817, l='world', x=210.50, y=65.26, z=-519.30]
[00:26:29] [Server thread/WARN]: Fetching packet for removed entity bab[''/13818, l='world', x=210.50, y=65.26, z=-519.30]
[00:26:29] [Server thread/WARN]: Fetching packet for removed entity bab[''/13819, l='world', x=210.50, y=65.26, z=-519.30]
[00:26:29] [Server thread/WARN]: Fetching packet for removed entity bab[''/13826, l='world', x=210.50, y=65.26, z=-519.30]
[00:30:09] [Server thread/INFO]: SaikaKun lost connection: Disconnected
[00:30:09] [Server thread/INFO]: SaikaKun left the game
[00:30:54] [Server thread/INFO]: Villager bck[''/467, l='world', x=211.03, y=64.00, z=-520.99] died, message: 'Farmer was slain by Zombie'
[00:30:59] [Server thread/INFO]: [Daridar: Set own game mode to Survival Mode]
[00:31:13] [Server thread/WARN]: Daridar moved too quickly! 0.3218788972350808,1.7821177057896733,-18.155624259505203
[00:31:27] [Server thread/WARN]: Can't keep up! Is the server overloaded? Running 2023ms or 40 ticks behind
[00:34:29] [Server thread/INFO]: Mikkstar12 drowned
[00:35:20] [Server thread/WARN]: Mikkstar12 moved too quickly! 14.028217476666413,-9.652654292930876,7.234387690069411
[00:35:41] [chunk IO worker/WARN]: Failed to read chunk [-13, -9]
s: Loading NBT data
	at la.b(SourceFile:463) ~[server1.jar:?]
	at la.a(SourceFile:29) ~[server1.jar:?]
	at la$1.a(SourceFile:69) ~[server1.jar:?]
	at la$1.b(SourceFile:55) ~[server1.jar:?]
	at lg$1.a(SourceFile:49) ~[server1.jar:?]
	at lg$1.b(SourceFile:32) ~[server1.jar:?]
	at la.b(SourceFile:457) ~[server1.jar:?]
	at la.a(SourceFile:29) ~[server1.jar:?]
	at la$1.a(SourceFile:69) ~[server1.jar:?]
	at la$1.b(SourceFile:55) ~[server1.jar:?]
	at lg$1.a(SourceFile:49) ~[server1.jar:?]
	at lg$1.b(SourceFile:32) ~[server1.jar:?]
	at la.b(SourceFile:457) ~[server1.jar:?]
	at la.a(SourceFile:29) ~[server1.jar:?]
	at la$1.a(SourceFile:69) ~[server1.jar:?]
	at la$1.b(SourceFile:55) ~[server1.jar:?]
	at la.b(SourceFile:457) ~[server1.jar:?]
	at la.a(SourceFile:29) ~[server1.jar:?]
	at la$1.a(SourceFile:69) ~[server1.jar:?]
	at la$1.b(SourceFile:55) ~[server1.jar:?]
	at lk.a(SourceFile:111) ~[server1.jar:?]
	at lk.a(SourceFile:78) ~[server1.jar:?]
	at lk.a(SourceFile:74) ~[server1.jar:?]
	at chb.a(SourceFile:56) ~[server1.jar:?]
	at cgx.b(SourceFile:83) ~[server1.jar:?]
	at cgx.h(SourceFile:194) ~[server1.jar:?]
	at cgx.d(SourceFile:139) ~[server1.jar:?]
	at java.lang.Thread.run(Unknown Source) [?:1.8.0_251]
Caused by: java.io.UTFDataFormatException: malformed input around byte 98
	at java.io.DataInputStream.readUTF(Unknown Source) ~[?:1.8.0_251]
	at java.io.DataInputStream.readUTF(Unknown Source) ~[?:1.8.0_251]
	at lp$1.a(SourceFile:25) ~[server1.jar:?]
	at lp$1.b(SourceFile:19) ~[server1.jar:?]
	at la.b(SourceFile:457) ~[server1.jar:?]
	... 27 more
[00:35:41] [Server thread/ERROR]: Couldn't load chunk [-13, -9]
java.util.concurrent.CompletionException: s: Loading NBT data
	at java.util.concurrent.CompletableFuture.reportJoin(Unknown Source) ~[?:1.8.0_251]
	at java.util.concurrent.CompletableFuture.join(Unknown Source) ~[?:1.8.0_251]
	at cgx.a(SourceFile:93) ~[server1.jar:?]
	at cgw.e(SourceFile:60) ~[server1.jar:?]
	at yd.i(SourceFile:858) ~[server1.jar:?]
	at yd.l(SourceFile:520) ~[server1.jar:?]
	at java.util.concurrent.CompletableFuture$AsyncSupply.run(Unknown Source) [?:1.8.0_251]
	at alp.c(SourceFile:144) [server1.jar:?]
	at yp$a.c(SourceFile:551) [server1.jar:?]
	at alp.w(SourceFile:118) [server1.jar:?]
	at yp$a.w(SourceFile:560) [server1.jar:?]
	at yp.d(SourceFile:279) [server1.jar:?]
	at net.minecraft.server.MinecraftServer.bb(SourceFile:704) [server1.jar:?]
	at net.minecraft.server.MinecraftServer.w(SourceFile:692) [server1.jar:?]
	at alp.c(SourceFile:127) [server1.jar:?]
	at net.minecraft.server.MinecraftServer.v(SourceFile:677) [server1.jar:?]
	at net.minecraft.server.MinecraftServer.run(SourceFile:629) [server1.jar:?]
	at java.lang.Thread.run(Unknown Source) [?:1.8.0_251]
Caused by: s: Loading NBT data
	at la.b(SourceFile:463) ~[server1.jar:?]
	at la.a(SourceFile:29) ~[server1.jar:?]
	at la$1.a(SourceFile:69) ~[server1.jar:?]
	at la$1.b(SourceFile:55) ~[server1.jar:?]
	at lg$1.a(SourceFile:49) ~[server1.jar:?]
	at lg$1.b(SourceFile:32) ~[server1.jar:?]
	at la.b(SourceFile:457) ~[server1.jar:?]
	at la.a(SourceFile:29) ~[server1.jar:?]
	at la$1.a(SourceFile:69) ~[server1.jar:?]
	at la$1.b(SourceFile:55) ~[server1.jar:?]
	at lg$1.a(SourceFile:49) ~[server1.jar:?]
	at lg$1.b(SourceFile:32) ~[server1.jar:?]
	at la.b(SourceFile:457) ~[server1.jar:?]
	at la.a(SourceFile:29) ~[server1.jar:?]
	at la$1.a(SourceFile:69) ~[server1.jar:?]
	at la$1.b(SourceFile:55) ~[server1.jar:?]
	at la.b(SourceFile:457) ~[server1.jar:?]
	at la.a(SourceFile:29) ~[server1.jar:?]
	at la$1.a(SourceFile:69) ~[server1.jar:?]
	at la$1.b(SourceFile:55) ~[server1.jar:?]
	at lk.a(SourceFile:111) ~[server1.jar:?]
	at lk.a(SourceFile:78) ~[server1.jar:?]
	at lk.a(SourceFile:74) ~[server1.jar:?]
	at chb.a(SourceFile:56) ~[server1.jar:?]
	at cgx.b(SourceFile:83) ~[server1.jar:?]
	at cgx.h(SourceFile:194) ~[server1.jar:?]
	at cgx.d(SourceFile:139) ~[server1.jar:?]
	... 1 more
Caused by: java.io.UTFDataFormatException: malformed input around byte 98
	at java.io.DataInputStream.readUTF(Unknown Source) ~[?:1.8.0_251]
	at java.io.DataInputStream.readUTF(Unknown Source) ~[?:1.8.0_251]
	at lp$1.a(SourceFile:25) ~[server1.jar:?]
	at lp$1.b(SourceFile:19) ~[server1.jar:?]
	at la.b(SourceFile:457) ~[server1.jar:?]
	at la.a(SourceFile:29) ~[server1.jar:?]
	at la$1.a(SourceFile:69) ~[server1.jar:?]
	at la$1.b(SourceFile:55) ~[server1.jar:?]
	at lg$1.a(SourceFile:49) ~[server1.jar:?]
	at lg$1.b(SourceFile:32) ~[server1.jar:?]
	at la.b(SourceFile:457) ~[server1.jar:?]
	at la.a(SourceFile:29) ~[server1.jar:?]
	at la$1.a(SourceFile:69) ~[server1.jar:?]
	at la$1.b(SourceFile:55) ~[server1.jar:?]
	at lg$1.a(SourceFile:49) ~[server1.jar:?]
	at lg$1.b(SourceFile:32) ~[server1.jar:?]
	at la.b(SourceFile:457) ~[server1.jar:?]
	at la.a(SourceFile:29) ~[server1.jar:?]
	at la$1.a(SourceFile:69) ~[server1.jar:?]
	at la$1.b(SourceFile:55) ~[server1.jar:?]
	at la.b(SourceFile:457) ~[server1.jar:?]
	at la.a(SourceFile:29) ~[server1.jar:?]
	at la$1.a(SourceFile:69) ~[server1.jar:?]
	at la$1.b(SourceFile:55) ~[server1.jar:?]
	at lk.a(SourceFile:111) ~[server1.jar:?]
	at lk.a(SourceFile:78) ~[server1.jar:?]
	at lk.a(SourceFile:74) ~[server1.jar:?]
	at chb.a(SourceFile:56) ~[server1.jar:?]
	at cgx.b(SourceFile:83) ~[server1.jar:?]
	at cgx.h(SourceFile:194) ~[server1.jar:?]
	at cgx.d(SourceFile:139) ~[server1.jar:?]
	... 1 more
[00:37:58] [Server thread/WARN]: Mismatch in destroy block pos: fp{x=-1177, y=57, z=-220} fp{x=-1177, y=56, z=-220}
[00:37:58] [Server thread/WARN]: Mismatch in destroy block pos: fp{x=-1177, y=57, z=-220} fp{x=-1177, y=56, z=-220}
[00:38:49] [Server thread/WARN]: Mismatch in destroy block pos: fp{x=-1173, y=57, z=-217} fp{x=-1173, y=56, z=-217}
[00:39:16] [Server thread/WARN]: Mismatch in destroy block pos: fp{x=-1172, y=57, z=-223} fp{x=-1172, y=56, z=-223}
[00:40:38] [Server thread/WARN]: Fetching packet for removed entity bab[''/19187, l='world', x=-1172.97, y=62.28, z=-221.14]
[00:40:38] [Server thread/WARN]: Fetching packet for removed entity bab[''/19188, l='world', x=-1174.57, y=62.13, z=-221.35]
[00:42:55] [Server thread/INFO]: Mikkstar12 tried to swim in lava to escape Hoglin
[00:43:44] [Server thread/WARN]: Can't keep up! Is the server overloaded? Running 2002ms or 40 ticks behind
[00:47:17] [Server thread/INFO]: [Daridar: Set own game mode to Creative Mode]
[00:48:54] [chunk IO worker/WARN]: Failed to read chunk [-14, -4]
s: Loading NBT data
	at la.b(SourceFile:463) ~[server1.jar:?]
	at la.a(SourceFile:29) ~[server1.jar:?]
	at la$1.a(SourceFile:69) ~[server1.jar:?]
	at la$1.b(SourceFile:55) ~[server1.jar:?]
	at la.b(SourceFile:457) ~[server1.jar:?]
	at la.a(SourceFile:29) ~[server1.jar:?]
	at la$1.a(SourceFile:69) ~[server1.jar:?]
	at la$1.b(SourceFile:55) ~[server1.jar:?]
	at lk.a(SourceFile:111) ~[server1.jar:?]
	at lk.a(SourceFile:78) ~[server1.jar:?]
	at lk.a(SourceFile:74) ~[server1.jar:?]
	at chb.a(SourceFile:56) ~[server1.jar:?]
	at cgx.b(SourceFile:83) ~[server1.jar:?]
	at cgx.h(SourceFile:194) ~[server1.jar:?]
	at cgx.d(SourceFile:139) ~[server1.jar:?]
	at java.lang.Thread.run(Unknown Source) [?:1.8.0_251]
Caused by: java.util.zip.ZipException: incorrect data check
	at java.util.zip.InflaterInputStream.read(Unknown Source) ~[?:1.8.0_251]
	at java.io.BufferedInputStream.read1(Unknown Source) ~[?:1.8.0_251]
	at java.io.BufferedInputStream.read(Unknown Source) ~[?:1.8.0_251]
	at java.io.DataInputStream.readFully(Unknown Source) ~[?:1.8.0_251]
	at java.io.DataInputStream.readUTF(Unknown Source) ~[?:1.8.0_251]
	at java.io.DataInputStream.readUTF(Unknown Source) ~[?:1.8.0_251]
	at la.d(SourceFile:452) ~[server1.jar:?]
	at la.b(SourceFile:29) ~[server1.jar:?]
	at la$1.a(SourceFile:66) ~[server1.jar:?]
	at la$1.b(SourceFile:55) ~[server1.jar:?]
	at lg$1.a(SourceFile:49) ~[server1.jar:?]
	at lg$1.b(SourceFile:32) ~[server1.jar:?]
	at la.b(SourceFile:457) ~[server1.jar:?]
	... 15 more
[00:48:54] [Server thread/ERROR]: Couldn't load chunk [-14, -4]
java.util.concurrent.CompletionException: s: Loading NBT data
	at java.util.concurrent.CompletableFuture.reportJoin(Unknown Source) ~[?:1.8.0_251]
	at java.util.concurrent.CompletableFuture.join(Unknown Source) ~[?:1.8.0_251]
	at cgx.a(SourceFile:93) ~[server1.jar:?]
	at cgw.e(SourceFile:60) ~[server1.jar:?]
	at yd.i(SourceFile:858) ~[server1.jar:?]
	at yd.l(SourceFile:520) ~[server1.jar:?]
	at java.util.concurrent.CompletableFuture$AsyncSupply.run(Unknown Source) [?:1.8.0_251]
	at alp.c(SourceFile:144) [server1.jar:?]
	at yp$a.c(SourceFile:551) [server1.jar:?]
	at alp.w(SourceFile:118) [server1.jar:?]
	at yp$a.w(SourceFile:560) [server1.jar:?]
	at yp.d(SourceFile:279) [server1.jar:?]
	at net.minecraft.server.MinecraftServer.bb(SourceFile:704) [server1.jar:?]
	at net.minecraft.server.MinecraftServer.w(SourceFile:692) [server1.jar:?]
	at alp.c(SourceFile:127) [server1.jar:?]
	at net.minecraft.server.MinecraftServer.v(SourceFile:677) [server1.jar:?]
	at net.minecraft.server.MinecraftServer.run(SourceFile:629) [server1.jar:?]
	at java.lang.Thread.run(Unknown Source) [?:1.8.0_251]
Caused by: s: Loading NBT data
	at la.b(SourceFile:463) ~[server1.jar:?]
	at la.a(SourceFile:29) ~[server1.jar:?]
	at la$1.a(SourceFile:69) ~[server1.jar:?]
	at la$1.b(SourceFile:55) ~[server1.jar:?]
	at la.b(SourceFile:457) ~[server1.jar:?]
	at la.a(SourceFile:29) ~[server1.jar:?]
	at la$1.a(SourceFile:69) ~[server1.jar:?]
	at la$1.b(SourceFile:55) ~[server1.jar:?]
	at lk.a(SourceFile:111) ~[server1.jar:?]
	at lk.a(SourceFile:78) ~[server1.jar:?]
	at lk.a(SourceFile:74) ~[server1.jar:?]
	at chb.a(SourceFile:56) ~[server1.jar:?]
	at cgx.b(SourceFile:83) ~[server1.jar:?]
	at cgx.h(SourceFile:194) ~[server1.jar:?]
	at cgx.d(SourceFile:139) ~[server1.jar:?]
	... 1 more
Caused by: java.util.zip.ZipException: incorrect data check
	at java.util.zip.InflaterInputStream.read(Unknown Source) ~[?:1.8.0_251]
	at java.io.BufferedInputStream.read1(Unknown Source) ~[?:1.8.0_251]
	at java.io.BufferedInputStream.read(Unknown Source) ~[?:1.8.0_251]
	at java.io.DataInputStream.readFully(Unknown Source) ~[?:1.8.0_251]
	at java.io.DataInputStream.readUTF(Unknown Source) ~[?:1.8.0_251]
	at java.io.DataInputStream.readUTF(Unknown Source) ~[?:1.8.0_251]
	at la.d(SourceFile:452) ~[server1.jar:?]
	at la.b(SourceFile:29) ~[server1.jar:?]
	at la$1.a(SourceFile:66) ~[server1.jar:?]
	at la$1.b(SourceFile:55) ~[server1.jar:?]
	at lg$1.a(SourceFile:49) ~[server1.jar:?]
	at lg$1.b(SourceFile:32) ~[server1.jar:?]
	at la.b(SourceFile:457) ~[server1.jar:?]
	at la.a(SourceFile:29) ~[server1.jar:?]
	at la$1.a(SourceFile:69) ~[server1.jar:?]
	at la$1.b(SourceFile:55) ~[server1.jar:?]
	at la.b(SourceFile:457) ~[server1.jar:?]
	at la.a(SourceFile:29) ~[server1.jar:?]
	at la$1.a(SourceFile:69) ~[server1.jar:?]
	at la$1.b(SourceFile:55) ~[server1.jar:?]
	at lk.a(SourceFile:111) ~[server1.jar:?]
	at lk.a(SourceFile:78) ~[server1.jar:?]
	at lk.a(SourceFile:74) ~[server1.jar:?]
	at chb.a(SourceFile:56) ~[server1.jar:?]
	at cgx.b(SourceFile:83) ~[server1.jar:?]
	at cgx.h(SourceFile:194) ~[server1.jar:?]
	at cgx.d(SourceFile:139) ~[server1.jar:?]
	... 1 more
[00:49:40] [chunk IO worker/WARN]: Failed to read chunk [-21, -5]
s: Loading NBT data
	at la.b(SourceFile:463) ~[server1.jar:?]
	at la.a(SourceFile:29) ~[server1.jar:?]
	at la$1.a(SourceFile:69) ~[server1.jar:?]
	at la$1.b(SourceFile:55) ~[server1.jar:?]
	at la.b(SourceFile:457) ~[server1.jar:?]
	at la.a(SourceFile:29) ~[server1.jar:?]
	at la$1.a(SourceFile:69) ~[server1.jar:?]
	at la$1.b(SourceFile:55) ~[server1.jar:?]
	at lk.a(SourceFile:111) ~[server1.jar:?]
	at lk.a(SourceFile:78) ~[server1.jar:?]
	at lk.a(SourceFile:74) ~[server1.jar:?]
	at chb.a(SourceFile:56) ~[server1.jar:?]
	at cgx.b(SourceFile:83) ~[server1.jar:?]
	at cgx.h(SourceFile:194) ~[server1.jar:?]
	at cgx.d(SourceFile:139) ~[server1.jar:?]
	at java.lang.Thread.run(Unknown Source) [?:1.8.0_251]
Caused by: java.util.zip.ZipException: incorrect data check
	at java.util.zip.InflaterInputStream.read(Unknown Source) ~[?:1.8.0_251]
	at java.io.BufferedInputStream.fill(Unknown Source) ~[?:1.8.0_251]
	at java.io.BufferedInputStream.read1(Unknown Source) ~[?:1.8.0_251]
	at java.io.BufferedInputStream.read(Unknown Source) ~[?:1.8.0_251]
	at java.io.DataInputStream.readFully(Unknown Source) ~[?:1.8.0_251]
	at java.io.DataInputStream.readUTF(Unknown Source) ~[?:1.8.0_251]
	at java.io.DataInputStream.readUTF(Unknown Source) ~[?:1.8.0_251]
	at la.d(SourceFile:452) ~[server1.jar:?]
	at la.b(SourceFile:29) ~[server1.jar:?]
	at la$1.a(SourceFile:66) ~[server1.jar:?]
	at la$1.b(SourceFile:55) ~[server1.jar:?]
	at lg$1.a(SourceFile:49) ~[server1.jar:?]
	at lg$1.b(SourceFile:32) ~[server1.jar:?]
	at la.b(SourceFile:457) ~[server1.jar:?]
	... 15 more
[00:49:40] [Server thread/ERROR]: Couldn't load chunk [-21, -5]
java.util.concurrent.CompletionException: s: Loading NBT data
	at java.util.concurrent.CompletableFuture.reportJoin(Unknown Source) ~[?:1.8.0_251]
	at java.util.concurrent.CompletableFuture.join(Unknown Source) ~[?:1.8.0_251]
	at cgx.a(SourceFile:93) ~[server1.jar:?]
	at cgw.e(SourceFile:60) ~[server1.jar:?]
	at yd.i(SourceFile:858) ~[server1.jar:?]
	at yd.l(SourceFile:520) ~[server1.jar:?]
	at java.util.concurrent.CompletableFuture$AsyncSupply.run(Unknown Source) [?:1.8.0_251]
	at alp.c(SourceFile:144) [server1.jar:?]
	at yp$a.c(SourceFile:551) [server1.jar:?]
	at alp.w(SourceFile:118) [server1.jar:?]
	at yp$a.w(SourceFile:560) [server1.jar:?]
	at yp.d(SourceFile:279) [server1.jar:?]
	at net.minecraft.server.MinecraftServer.bb(SourceFile:704) [server1.jar:?]
	at net.minecraft.server.MinecraftServer.w(SourceFile:692) [server1.jar:?]
	at alp.c(SourceFile:127) [server1.jar:?]
	at net.minecraft.server.MinecraftServer.v(SourceFile:677) [server1.jar:?]
	at net.minecraft.server.MinecraftServer.run(SourceFile:629) [server1.jar:?]
	at java.lang.Thread.run(Unknown Source) [?:1.8.0_251]
Caused by: s: Loading NBT data
	at la.b(SourceFile:463) ~[server1.jar:?]
	at la.a(SourceFile:29) ~[server1.jar:?]
	at la$1.a(SourceFile:69) ~[server1.jar:?]
	at la$1.b(SourceFile:55) ~[server1.jar:?]
	at la.b(SourceFile:457) ~[server1.jar:?]
	at la.a(SourceFile:29) ~[server1.jar:?]
	at la$1.a(SourceFile:69) ~[server1.jar:?]
	at la$1.b(SourceFile:55) ~[server1.jar:?]
	at lk.a(SourceFile:111) ~[server1.jar:?]
	at lk.a(SourceFile:78) ~[server1.jar:?]
	at lk.a(SourceFile:74) ~[server1.jar:?]
	at chb.a(SourceFile:56) ~[server1.jar:?]
	at cgx.b(SourceFile:83) ~[server1.jar:?]
	at cgx.h(SourceFile:194) ~[server1.jar:?]
	at cgx.d(SourceFile:139) ~[server1.jar:?]
	... 1 more
Caused by: java.util.zip.ZipException: incorrect data check
	at java.util.zip.InflaterInputStream.read(Unknown Source) ~[?:1.8.0_251]
	at java.io.BufferedInputStream.fill(Unknown Source) ~[?:1.8.0_251]
	at java.io.BufferedInputStream.read1(Unknown Source) ~[?:1.8.0_251]
	at java.io.BufferedInputStream.read(Unknown Source) ~[?:1.8.0_251]
	at java.io.DataInputStream.readFully(Unknown Source) ~[?:1.8.0_251]
	at java.io.DataInputStream.readUTF(Unknown Source) ~[?:1.8.0_251]
	at java.io.DataInputStream.readUTF(Unknown Source) ~[?:1.8.0_251]
	at la.d(SourceFile:452) ~[server1.jar:?]
	at la.b(SourceFile:29) ~[server1.jar:?]
	at la$1.a(SourceFile:66) ~[server1.jar:?]
	at la$1.b(SourceFile:55) ~[server1.jar:?]
	at lg$1.a(SourceFile:49) ~[server1.jar:?]
	at lg$1.b(SourceFile:32) ~[server1.jar:?]
	at la.b(SourceFile:457) ~[server1.jar:?]
	at la.a(SourceFile:29) ~[server1.jar:?]
	at la$1.a(SourceFile:69) ~[server1.jar:?]
	at la$1.b(SourceFile:55) ~[server1.jar:?]
	at la.b(SourceFile:457) ~[server1.jar:?]
	at la.a(SourceFile:29) ~[server1.jar:?]
	at la$1.a(SourceFile:69) ~[server1.jar:?]
	at la$1.b(SourceFile:55) ~[server1.jar:?]
	at lk.a(SourceFile:111) ~[server1.jar:?]
	at lk.a(SourceFile:78) ~[server1.jar:?]
	at lk.a(SourceFile:74) ~[server1.jar:?]
	at chb.a(SourceFile:56) ~[server1.jar:?]
	at cgx.b(SourceFile:83) ~[server1.jar:?]
	at cgx.h(SourceFile:194) ~[server1.jar:?]
	at cgx.d(SourceFile:139) ~[server1.jar:?]
	... 1 more
[00:50:48] [Server thread/WARN]: Fetching packet for removed entity bab[''/23828, l='world', x=212.30, y=65.26, z=-517.50]
[00:50:48] [Server thread/WARN]: Fetching packet for removed entity bab[''/23829, l='world', x=212.30, y=65.26, z=-517.50]
[00:50:48] [Server thread/WARN]: Fetching packet for removed entity bab[''/23830, l='world', x=212.30, y=65.26, z=-517.50]
[00:50:48] [Server thread/WARN]: Fetching packet for removed entity bab[''/23831, l='world', x=212.30, y=65.26, z=-517.50]
[00:50:48] [Server thread/WARN]: Fetching packet for removed entity bab[''/23832, l='world', x=212.30, y=65.26, z=-517.50]
[00:50:48] [Server thread/WARN]: Fetching packet for removed entity bab[''/23833, l='world', x=212.30, y=65.26, z=-517.50]
[00:51:38] [Server thread/WARN]: Fetching packet for removed entity bab[''/24197, l='world', x=208.70, y=65.32, z=-517.50]
[00:51:38] [Server thread/WARN]: Fetching packet for removed entity bab[''/24198, l='world', x=208.70, y=65.32, z=-517.50]
[00:51:38] [Server thread/WARN]: Fetching packet for removed entity bab[''/24199, l='world', x=208.70, y=65.32, z=-517.50]
[00:51:38] [Server thread/WARN]: Fetching packet for removed entity bab[''/24200, l='world', x=208.70, y=65.32, z=-517.50]
[00:51:38] [Server thread/WARN]: Fetching packet for removed entity bab[''/24201, l='world', x=208.70, y=65.32, z=-517.50]
[00:51:38] [Server thread/WARN]: Fetching packet for removed entity bab[''/24202, l='world', x=208.70, y=65.32, z=-517.50]
[00:51:38] [Server thread/WARN]: Fetching packet for removed entity bab[''/24203, l='world', x=208.70, y=65.32, z=-517.50]
[00:53:05] [Server thread/ERROR]: Something went wrong upgrading!
java.lang.ArrayIndexOutOfBoundsException: -1
	at afe$d.a(SourceFile:507) ~[server1.jar:?]
	at java.util.stream.ForEachOps$ForEachOp$OfRef.accept(Unknown Source) ~[?:1.8.0_251]
	at java.util.stream.ReferencePipeline$3$1.accept(Unknown Source) ~[?:1.8.0_251]
	at java.util.stream.ReferencePipeline$3$1.accept(Unknown Source) ~[?:1.8.0_251]
	at java.util.Iterator.forEachRemaining(Unknown Source) ~[?:1.8.0_251]
	at java.util.Spliterators$IteratorSpliterator.forEachRemaining(Unknown Source) ~[?:1.8.0_251]
	at java.util.stream.AbstractPipeline.copyInto(Unknown Source) ~[?:1.8.0_251]
	at java.util.stream.AbstractPipeline.wrapAndCopyInto(Unknown Source) ~[?:1.8.0_251]
	at java.util.stream.ForEachOps$ForEachOp.evaluateSequential(Unknown Source) ~[?:1.8.0_251]
	at java.util.stream.ForEachOps$ForEachOp$OfRef.evaluateSequential(Unknown Source) ~[?:1.8.0_251]
	at java.util.stream.AbstractPipeline.evaluate(Unknown Source) ~[?:1.8.0_251]
	at java.util.stream.ReferencePipeline.forEach(Unknown Source) ~[?:1.8.0_251]
	at afe$d.a(SourceFile:502) ~[server1.jar:?]
	at java.util.Optional.ifPresent(Unknown Source) ~[?:1.8.0_251]
	at afe$d.<init>(SourceFile:502) ~[server1.jar:?]
	at afe.b(SourceFile:354) ~[server1.jar:?]
	at com.mojang.datafixers.DataFix.lambda$null$2(DataFix.java:44) ~[server1.jar:?]
	at com.mojang.datafixers.functions.Comp.lambda$null$5(Comp.java:69) ~[server1.jar:?]
	at com.mojang.datafixers.functions.Comp.lambda$null$5(Comp.java:69) ~[server1.jar:?]
	at com.mojang.datafixers.functions.Comp.lambda$null$5(Comp.java:69) ~[server1.jar:?]
	at com.mojang.datafixers.functions.Comp.lambda$null$5(Comp.java:69) ~[server1.jar:?]
	at com.mojang.datafixers.functions.Comp.lambda$null$5(Comp.java:69) ~[server1.jar:?]
	at com.mojang.datafixers.functions.Comp.lambda$null$5(Comp.java:69) ~[server1.jar:?]
	at com.mojang.datafixers.functions.Comp.lambda$null$5(Comp.java:69) ~[server1.jar:?]
	at com.mojang.datafixers.functions.Comp.lambda$null$5(Comp.java:69) ~[server1.jar:?]
	at com.mojang.datafixers.functions.Comp.lambda$null$5(Comp.java:69) ~[server1.jar:?]
	at com.mojang.datafixers.types.Type.capWrite(Type.java:157) ~[server1.jar:?]
	at com.mojang.datafixers.types.Type.lambda$null$7(Type.java:148) ~[server1.jar:?]
	at java.util.Optional.map(Unknown Source) ~[?:1.8.0_251]
	at com.mojang.datafixers.types.Type.lambda$readAndWrite$8(Type.java:147) ~[server1.jar:?]
	at java.util.Optional.flatMap(Unknown Source) ~[?:1.8.0_251]
	at com.mojang.datafixers.types.Type.readAndWrite(Type.java:146) ~[server1.jar:?]
	at com.mojang.datafixers.DataFixerUpper.update(DataFixerUpper.java:84) ~[server1.jar:?]
	at lm.a(SourceFile:493) ~[server1.jar:?]
	at cgw.a(SourceFile:36) ~[server1.jar:?]
	at yd.i(SourceFile:863) ~[server1.jar:?]
	at yd.l(SourceFile:520) ~[server1.jar:?]
	at java.util.concurrent.CompletableFuture$AsyncSupply.run(Unknown Source) [?:1.8.0_251]
	at alp.c(SourceFile:144) [server1.jar:?]
	at yp$a.c(SourceFile:551) [server1.jar:?]
	at alp.w(SourceFile:118) [server1.jar:?]
	at yp$a.w(SourceFile:560) [server1.jar:?]
	at yp.d(SourceFile:279) [server1.jar:?]
	at net.minecraft.server.MinecraftServer.bb(SourceFile:704) [server1.jar:?]
	at net.minecraft.server.MinecraftServer.w(SourceFile:692) [server1.jar:?]
	at alp.bk(SourceFile:103) [server1.jar:?]
	at net.minecraft.server.MinecraftServer.v(SourceFile:676) [server1.jar:?]
	at net.minecraft.server.MinecraftServer.run(SourceFile:629) [server1.jar:?]
	at java.lang.Thread.run(Unknown Source) [?:1.8.0_251]
[00:53:05] [Server thread/ERROR]: Something went wrong upgrading!
java.lang.IllegalStateException: Duplicate key ahm$a@71148220
	at java.util.stream.Collectors.lambda$throwingMerger$0(Unknown Source) ~[?:1.8.0_251]
	at java.util.HashMap.merge(Unknown Source) ~[?:1.8.0_251]
	at java.util.stream.Collectors.lambda$toMap$58(Unknown Source) ~[?:1.8.0_251]
	at java.util.stream.ReduceOps$3ReducingSink.accept(Unknown Source) ~[?:1.8.0_251]
	at java.util.stream.ReferencePipeline$3$1.accept(Unknown Source) ~[?:1.8.0_251]
	at java.util.ArrayList$ArrayListSpliterator.forEachRemaining(Unknown Source) ~[?:1.8.0_251]
	at java.util.stream.AbstractPipeline.copyInto(Unknown Source) ~[?:1.8.0_251]
	at java.util.stream.AbstractPipeline.wrapAndCopyInto(Unknown Source) ~[?:1.8.0_251]
	at java.util.stream.ReduceOps$ReduceOp.evaluateSequential(Unknown Source) ~[?:1.8.0_251]
	at java.util.stream.AbstractPipeline.evaluate(Unknown Source) ~[?:1.8.0_251]
	at java.util.stream.ReferencePipeline.collect(Unknown Source) ~[?:1.8.0_251]
	at ahm.a(SourceFile:109) ~[server1.jar:?]
	at com.mojang.datafixers.Typed.lambda$updateTyped$6(Typed.java:125) ~[server1.jar:?]
	at com.mojang.datafixers.Typed.lambda$updateCap$9(Typed.java:162) ~[server1.jar:?]
	at com.mojang.datafixers.optics.Traversal$Instance$1.lambda$wander$0(Traversal.java:34) ~[server1.jar:?]
	at com.mojang.datafixers.util.Either$Instance.lambda$traverse$6(Either.java:227) ~[server1.jar:?]
	at com.mojang.datafixers.util.Either$Left.map(Either.java:38) ~[server1.jar:?]
	at com.mojang.datafixers.util.Either$Instance.traverse(Either.java:225) ~[server1.jar:?]
	at com.mojang.datafixers.optics.profunctors.TraversalP$1.lambda$wander$0(TraversalP.java:50) ~[server1.jar:?]
	at com.mojang.datafixers.optics.Traversal$Instance$1.lambda$wander$0(Traversal.java:34) ~[server1.jar:?]
	at com.mojang.datafixers.optics.Traversal$Instance$1.lambda$wander$0(Traversal.java:34) ~[server1.jar:?]
	at com.mojang.datafixers.optics.Traversal$Instance$1.lambda$wander$0(Traversal.java:34) ~[server1.jar:?]
	at com.mojang.datafixers.util.Pair$Instance.traverse(Pair.java:83) ~[server1.jar:?]
	at com.mojang.datafixers.optics.profunctors.TraversalP$1.lambda$wander$0(TraversalP.java:50) ~[server1.jar:?]
	at com.mojang.datafixers.optics.Traversal$Instance$1.lambda$wander$0(Traversal.java:34) ~[server1.jar:?]
	at com.mojang.datafixers.optics.Traversal$Instance$1.lambda$wander$0(Traversal.java:34) ~[server1.jar:?]
	at com.mojang.datafixers.util.Pair$Instance.traverse(Pair.java:83) ~[server1.jar:?]
	at com.mojang.datafixers.optics.profunctors.TraversalP$1.lambda$wander$0(TraversalP.java:50) ~[server1.jar:?]
	at com.mojang.datafixers.optics.Traversal$Instance$1.lambda$wander$0(Traversal.java:34) ~[server1.jar:?]
	at com.mojang.datafixers.optics.Traversal$Instance$1.lambda$wander$0(Traversal.java:34) ~[server1.jar:?]
	at com.mojang.datafixers.util.Pair$Instance.traverse(Pair.java:83) ~[server1.jar:?]
	at com.mojang.datafixers.optics.profunctors.TraversalP$1.lambda$wander$0(TraversalP.java:50) ~[server1.jar:?]
	at com.mojang.datafixers.optics.Traversal$Instance$1.lambda$wander$0(Traversal.java:34) ~[server1.jar:?]
	at com.mojang.datafixers.optics.Traversal$Instance$1.lambda$wander$0(Traversal.java:34) ~[server1.jar:?]
	at com.mojang.datafixers.util.Pair$Instance.traverse(Pair.java:83) ~[server1.jar:?]
	at com.mojang.datafixers.optics.profunctors.TraversalP$1.lambda$wander$0(TraversalP.java:50) ~[server1.jar:?]
	at com.mojang.datafixers.optics.Traversal$Instance$1.lambda$wander$0(Traversal.java:34) ~[server1.jar:?]
	at com.mojang.datafixers.optics.Traversal$Instance$1.lambda$wander$0(Traversal.java:34) ~[server1.jar:?]
	at com.mojang.datafixers.Typed.updateCap(Typed.java:162) ~[server1.jar:?]
	at com.mojang.datafixers.Typed.updateTyped(Typed.java:124) ~[server1.jar:?]
	at com.mojang.datafixers.Typed.updateTyped(Typed.java:119) ~[server1.jar:?]
	at ahm.a(SourceFile:108) ~[server1.jar:?]
	at com.mojang.datafixers.Typed.lambda$updateTyped$6(Typed.java:125) ~[server1.jar:?]
	at com.mojang.datafixers.Typed.lambda$updateCap$9(Typed.java:162) ~[server1.jar:?]
	at com.mojang.datafixers.optics.Traversal$Instance$1.lambda$wander$0(Traversal.java:34) ~[server1.jar:?]
	at com.mojang.datafixers.util.Pair$Instance.traverse(Pair.java:83) ~[server1.jar:?]
	at com.mojang.datafixers.optics.profunctors.TraversalP$1.lambda$wander$0(TraversalP.java:50) ~[server1.jar:?]
	at com.mojang.datafixers.optics.Traversal$Instance$1.lambda$wander$0(Traversal.java:34) ~[server1.jar:?]
	at com.mojang.datafixers.optics.Traversal$Instance$1.lambda$wander$0(Traversal.java:34) ~[server1.jar:?]
	at com.mojang.datafixers.util.Pair$Instance.traverse(Pair.java:83) ~[server1.jar:?]
	at com.mojang.datafixers.optics.profunctors.TraversalP$1.lambda$wander$0(TraversalP.java:50) ~[server1.jar:?]
	at com.mojang.datafixers.optics.Traversal$Instance$1.lambda$wander$0(Traversal.java:34) ~[server1.jar:?]
	at com.mojang.datafixers.optics.Traversal$Instance$1.lambda$wander$0(Traversal.java:34) ~[server1.jar:?]
	at com.mojang.datafixers.Typed.updateCap(Typed.java:162) ~[server1.jar:?]
	at com.mojang.datafixers.Typed.updateTyped(Typed.java:124) ~[server1.jar:?]
	at com.mojang.datafixers.Typed.updateTyped(Typed.java:119) ~[server1.jar:?]
	at ahm.a(SourceFile:105) ~[server1.jar:?]
	at com.mojang.datafixers.DataFix.lambda$null$4(DataFix.java:75) ~[server1.jar:?]
	at com.mojang.datafixers.functions.Comp.lambda$null$5(Comp.java:69) ~[server1.jar:?]
	at com.mojang.datafixers.functions.Comp.lambda$null$5(Comp.java:69) ~[server1.jar:?]
	at com.mojang.datafixers.functions.Comp.lambda$null$5(Comp.java:69) ~[server1.jar:?]
	at com.mojang.datafixers.functions.Comp.lambda$null$5(Comp.java:69) ~[server1.jar:?]
	at com.mojang.datafixers.functions.Comp.lambda$null$5(Comp.java:69) ~[server1.jar:?]
	at com.mojang.datafixers.functions.Comp.lambda$null$5(Comp.java:69) ~[server1.jar:?]
	at com.mojang.datafixers.functions.Comp.lambda$null$5(Comp.java:69) ~[server1.jar:?]
	at com.mojang.datafixers.functions.Comp.lambda$null$5(Comp.java:69) ~[server1.jar:?]
	at com.mojang.datafixers.functions.Comp.lambda$null$5(Comp.java:69) ~[server1.jar:?]
	at com.mojang.datafixers.functions.Comp.lambda$null$5(Comp.java:69) ~[server1.jar:?]
	at com.mojang.datafixers.functions.Comp.lambda$null$5(Comp.java:69) ~[server1.jar:?]
	at com.mojang.datafixers.functions.Comp.lambda$null$5(Comp.java:69) ~[server1.jar:?]
	at com.mojang.datafixers.functions.Comp.lambda$null$5(Comp.java:69) ~[server1.jar:?]
	at com.mojang.datafixers.functions.Comp.lambda$null$5(Comp.java:69) ~[server1.jar:?]
	at com.mojang.datafixers.functions.Comp.lambda$null$5(Comp.java:69) ~[server1.jar:?]
	at com.mojang.datafixers.functions.Comp.lambda$null$5(Comp.java:69) ~[server1.jar:?]
	at com.mojang.datafixers.functions.Comp.lambda$null$5(Comp.java:69) ~[server1.jar:?]
	at com.mojang.datafixers.functions.Comp.lambda$null$5(Comp.java:69) ~[server1.jar:?]
	at com.mojang.datafixers.functions.Comp.lambda$null$5(Comp.java:69) ~[server1.jar:?]
	at com.mojang.datafixers.functions.Comp.lambda$null$5(Comp.java:69) ~[server1.jar:?]
	at com.mojang.datafixers.functions.Comp.lambda$null$5(Comp.java:69) ~[server1.jar:?]
	at com.mojang.datafixers.functions.Comp.lambda$null$5(Comp.java:69) ~[server1.jar:?]
	at com.mojang.datafixers.functions.Comp.lambda$null$5(Comp.java:69) ~[server1.jar:?]
	at com.mojang.datafixers.types.Type.capWrite(Type.java:157) ~[server1.jar:?]
	at com.mojang.datafixers.types.Type.lambda$null$7(Type.java:148) ~[server1.jar:?]
	at java.util.Optional.map(Unknown Source) ~[?:1.8.0_251]
	at com.mojang.datafixers.types.Type.lambda$readAndWrite$8(Type.java:147) ~[server1.jar:?]
	at java.util.Optional.flatMap(Unknown Source) ~[?:1.8.0_251]
	at com.mojang.datafixers.types.Type.readAndWrite(Type.java:146) ~[server1.jar:?]
	at com.mojang.datafixers.DataFixerUpper.update(DataFixerUpper.java:84) ~[server1.jar:?]
	at lm.a(SourceFile:493) ~[server1.jar:?]
	at lm.a(SourceFile:489) ~[server1.jar:?]
	at cgw.a(SourceFile:46) ~[server1.jar:?]
	at yd.i(SourceFile:863) ~[server1.jar:?]
	at yd.l(SourceFile:520) ~[server1.jar:?]
	at java.util.concurrent.CompletableFuture$AsyncSupply.run(Unknown Source) [?:1.8.0_251]
	at alp.c(SourceFile:144) [server1.jar:?]
	at yp$a.c(SourceFile:551) [server1.jar:?]
	at alp.w(SourceFile:118) [server1.jar:?]
	at yp$a.w(SourceFile:560) [server1.jar:?]
	at yp.d(SourceFile:279) [server1.jar:?]
	at net.minecraft.server.MinecraftServer.bb(SourceFile:704) [server1.jar:?]
	at net.minecraft.server.MinecraftServer.w(SourceFile:692) [server1.jar:?]
	at alp.bk(SourceFile:103) [server1.jar:?]
	at net.minecraft.server.MinecraftServer.v(SourceFile:676) [server1.jar:?]
	at net.minecraft.server.MinecraftServer.run(SourceFile:629) [server1.jar:?]
	at java.lang.Thread.run(Unknown Source) [?:1.8.0_251]
[00:54:00] [Server thread/INFO]: Mikkstar12 drowned
[00:54:59] [Server thread/INFO]: [Daridar: Set own game mode to Survival Mode]
[00:55:13] [Server thread/INFO]: [Daridar: Set own game mode to Creative Mode]
[00:56:10] [chunk IO worker/WARN]: Failed to read chunk [-16, -13]
s: Loading NBT data
	at la.b(SourceFile:463) ~[server1.jar:?]
	at la.a(SourceFile:29) ~[server1.jar:?]
	at la$1.a(SourceFile:69) ~[server1.jar:?]
	at la$1.b(SourceFile:55) ~[server1.jar:?]
	at la.b(SourceFile:457) ~[server1.jar:?]
	at la.a(SourceFile:29) ~[server1.jar:?]
	at la$1.a(SourceFile:69) ~[server1.jar:?]
	at la$1.b(SourceFile:55) ~[server1.jar:?]
	at lk.a(SourceFile:111) ~[server1.jar:?]
	at lk.a(SourceFile:78) ~[server1.jar:?]
	at lk.a(SourceFile:74) ~[server1.jar:?]
	at chb.a(SourceFile:56) ~[server1.jar:?]
	at cgx.b(SourceFile:83) ~[server1.jar:?]
	at cgx.h(SourceFile:194) ~[server1.jar:?]
	at cgx.d(SourceFile:139) ~[server1.jar:?]
	at java.lang.Thread.run(Unknown Source) [?:1.8.0_251]
Caused by: java.util.zip.ZipException: incorrect data check
	at java.util.zip.InflaterInputStream.read(Unknown Source) ~[?:1.8.0_251]
	at java.io.BufferedInputStream.read1(Unknown Source) ~[?:1.8.0_251]
	at java.io.BufferedInputStream.read(Unknown Source) ~[?:1.8.0_251]
	at java.io.DataInputStream.readFully(Unknown Source) ~[?:1.8.0_251]
	at java.io.DataInputStream.readUTF(Unknown Source) ~[?:1.8.0_251]
	at java.io.DataInputStream.readUTF(Unknown Source) ~[?:1.8.0_251]
	at la.d(SourceFile:452) ~[server1.jar:?]
	at la.b(SourceFile:29) ~[server1.jar:?]
	at la$1.a(SourceFile:66) ~[server1.jar:?]
	at la$1.b(SourceFile:55) ~[server1.jar:?]
	at lg$1.a(SourceFile:49) ~[server1.jar:?]
	at lg$1.b(SourceFile:32) ~[server1.jar:?]
	at la.b(SourceFile:457) ~[server1.jar:?]
	... 15 more
[00:56:10] [Server thread/ERROR]: Couldn't load chunk [-16, -13]
java.util.concurrent.CompletionException: s: Loading NBT data
	at java.util.concurrent.CompletableFuture.reportJoin(Unknown Source) ~[?:1.8.0_251]
	at java.util.concurrent.CompletableFuture.join(Unknown Source) ~[?:1.8.0_251]
	at cgx.a(SourceFile:93) ~[server1.jar:?]
	at cgw.e(SourceFile:60) ~[server1.jar:?]
	at yd.i(SourceFile:858) ~[server1.jar:?]
	at yd.l(SourceFile:520) ~[server1.jar:?]
	at java.util.concurrent.CompletableFuture$AsyncSupply.run(Unknown Source) [?:1.8.0_251]
	at alp.c(SourceFile:144) [server1.jar:?]
	at yp$a.c(SourceFile:551) [server1.jar:?]
	at alp.w(SourceFile:118) [server1.jar:?]
	at yp$a.w(SourceFile:560) [server1.jar:?]
	at yp.d(SourceFile:279) [server1.jar:?]
	at net.minecraft.server.MinecraftServer.bb(SourceFile:704) [server1.jar:?]
	at net.minecraft.server.MinecraftServer.w(SourceFile:692) [server1.jar:?]
	at alp.c(SourceFile:127) [server1.jar:?]
	at net.minecraft.server.MinecraftServer.v(SourceFile:677) [server1.jar:?]
	at net.minecraft.server.MinecraftServer.run(SourceFile:629) [server1.jar:?]
	at java.lang.Thread.run(Unknown Source) [?:1.8.0_251]
Caused by: s: Loading NBT data
	at la.b(SourceFile:463) ~[server1.jar:?]
	at la.a(SourceFile:29) ~[server1.jar:?]
	at la$1.a(SourceFile:69) ~[server1.jar:?]
	at la$1.b(SourceFile:55) ~[server1.jar:?]
	at la.b(SourceFile:457) ~[server1.jar:?]
	at la.a(SourceFile:29) ~[server1.jar:?]
	at la$1.a(SourceFile:69) ~[server1.jar:?]
	at la$1.b(SourceFile:55) ~[server1.jar:?]
	at lk.a(SourceFile:111) ~[server1.jar:?]
	at lk.a(SourceFile:78) ~[server1.jar:?]
	at lk.a(SourceFile:74) ~[server1.jar:?]
	at chb.a(SourceFile:56) ~[server1.jar:?]
	at cgx.b(SourceFile:83) ~[server1.jar:?]
	at cgx.h(SourceFile:194) ~[server1.jar:?]
	at cgx.d(SourceFile:139) ~[server1.jar:?]
	... 1 more
Caused by: java.util.zip.ZipException: incorrect data check
	at java.util.zip.InflaterInputStream.read(Unknown Source) ~[?:1.8.0_251]
	at java.io.BufferedInputStream.read1(Unknown Source) ~[?:1.8.0_251]
	at java.io.BufferedInputStream.read(Unknown Source) ~[?:1.8.0_251]
	at java.io.DataInputStream.readFully(Unknown Source) ~[?:1.8.0_251]
	at java.io.DataInputStream.readUTF(Unknown Source) ~[?:1.8.0_251]
	at java.io.DataInputStream.readUTF(Unknown Source) ~[?:1.8.0_251]
	at la.d(SourceFile:452) ~[server1.jar:?]
	at la.b(SourceFile:29) ~[server1.jar:?]
	at la$1.a(SourceFile:66) ~[server1.jar:?]
	at la$1.b(SourceFile:55) ~[server1.jar:?]
	at lg$1.a(SourceFile:49) ~[server1.jar:?]
	at lg$1.b(SourceFile:32) ~[server1.jar:?]
	at la.b(SourceFile:457) ~[server1.jar:?]
	at la.a(SourceFile:29) ~[server1.jar:?]
	at la$1.a(SourceFile:69) ~[server1.jar:?]
	at la$1.b(SourceFile:55) ~[server1.jar:?]
	at la.b(SourceFile:457) ~[server1.jar:?]
	at la.a(SourceFile:29) ~[server1.jar:?]
	at la$1.a(SourceFile:69) ~[server1.jar:?]
	at la$1.b(SourceFile:55) ~[server1.jar:?]
	at lk.a(SourceFile:111) ~[server1.jar:?]
	at lk.a(SourceFile:78) ~[server1.jar:?]
	at lk.a(SourceFile:74) ~[server1.jar:?]
	at chb.a(SourceFile:56) ~[server1.jar:?]
	at cgx.b(SourceFile:83) ~[server1.jar:?]
	at cgx.h(SourceFile:194) ~[server1.jar:?]
	at cgx.d(SourceFile:139) ~[server1.jar:?]
	... 1 more
[01:02:48] [Server thread/WARN]: Mikkstar12 moved wrongly!
[01:03:07] [Server thread/WARN]: Fetching packet for removed entity bab[''/28857, l='world', x=212.30, y=65.26, z=-517.50]
[01:03:07] [Server thread/WARN]: Fetching packet for removed entity bab[''/28858, l='world', x=212.30, y=65.26, z=-517.50]
[01:03:07] [Server thread/WARN]: Fetching packet for removed entity bab[''/28859, l='world', x=212.30, y=65.26, z=-517.50]
[01:03:07] [Server thread/WARN]: Fetching packet for removed entity bab[''/28870, l='world', x=212.30, y=65.26, z=-517.50]
[01:03:07] [Server thread/WARN]: Fetching packet for removed entity bab[''/28871, l='world', x=212.30, y=65.26, z=-517.50]
[01:03:07] [Server thread/WARN]: Fetching packet for removed entity bab[''/28874, l='world', x=212.30, y=65.26, z=-517.50]
[01:03:08] [Server thread/WARN]: Mikkstar12 moved wrongly!
[01:03:10] [Server thread/WARN]: Fetching packet for removed entity bab[''/28881, l='world', x=208.70, y=65.32, z=-517.50]
[01:03:10] [Server thread/WARN]: Fetching packet for removed entity bab[''/28882, l='world', x=208.70, y=65.32, z=-517.50]
[01:03:10] [Server thread/WARN]: Fetching packet for removed entity bab[''/28883, l='world', x=208.70, y=65.32, z=-517.50]
[01:03:11] [Server thread/WARN]: Fetching packet for removed entity bab[''/28884, l='world', x=208.70, y=65.32, z=-517.50]
[01:03:11] [Server thread/WARN]: Fetching packet for removed entity bab[''/28885, l='world', x=208.70, y=65.32, z=-517.50]
[01:03:11] [Server thread/WARN]: Fetching packet for removed entity bab[''/28886, l='world', x=208.70, y=65.32, z=-517.50]
[01:03:13] [Server thread/WARN]: Mikkstar12 moved wrongly!
[01:03:28] [Server thread/WARN]: Mikkstar12 moved wrongly!
[01:04:17] [Server thread/WARN]: Mikkstar12 moved wrongly!
[01:04:29] [Server thread/WARN]: Mikkstar12 moved wrongly!
[01:04:38] [Server thread/WARN]: Mikkstar12 moved wrongly!
[01:04:51] [Server thread/INFO]: [Daridar: Set own game mode to Survival Mode]
[01:04:54] [Server thread/INFO]: Mikkstar12 tried to swim in lava
[01:08:34] [Server thread/INFO]: [Daridar: Set own game mode to Creative Mode]
[01:09:29] [Server thread/INFO]: Villager bck[''/476, l='world', x=210.56, y=64.00, z=-517.30] died, message: 'Farmer was shot by Daridar using [American sniper(canadian)]'
[01:10:27] [Server thread/INFO]: [Daridar: Set own game mode to Survival Mode]
[01:11:01] [Server thread/WARN]: Mikkstar12 moved wrongly!
[01:11:13] [Server thread/WARN]: Mikkstar12 moved wrongly!
[01:12:05] [Server thread/INFO]: [Daridar: Set own game mode to Creative Mode]
[01:12:25] [chunk IO worker/WARN]: Failed to read chunk [-12, -5]
s: Loading NBT data
	at la.b(SourceFile:463) ~[server1.jar:?]
	at la.a(SourceFile:29) ~[server1.jar:?]
	at la$1.a(SourceFile:69) ~[server1.jar:?]
	at la$1.b(SourceFile:55) ~[server1.jar:?]
	at la.b(SourceFile:457) ~[server1.jar:?]
	at la.a(SourceFile:29) ~[server1.jar:?]
	at la$1.a(SourceFile:69) ~[server1.jar:?]
	at la$1.b(SourceFile:55) ~[server1.jar:?]
	at lk.a(SourceFile:111) ~[server1.jar:?]
	at lk.a(SourceFile:78) ~[server1.jar:?]
	at lk.a(SourceFile:74) ~[server1.jar:?]
	at chb.a(SourceFile:56) ~[server1.jar:?]
	at cgx.b(SourceFile:83) ~[server1.jar:?]
	at cgx.h(SourceFile:194) ~[server1.jar:?]
	at cgx.d(SourceFile:139) ~[server1.jar:?]
	at java.lang.Thread.run(Unknown Source) [?:1.8.0_251]
Caused by: java.io.UTFDataFormatException: malformed input around byte 182
	at java.io.DataInputStream.readUTF(Unknown Source) ~[?:1.8.0_251]
	at java.io.DataInputStream.readUTF(Unknown Source) ~[?:1.8.0_251]
	at la.d(SourceFile:452) ~[server1.jar:?]
	at la.b(SourceFile:29) ~[server1.jar:?]
	at la$1.a(SourceFile:66) ~[server1.jar:?]
	at la$1.b(SourceFile:55) ~[server1.jar:?]
	at lg$1.a(SourceFile:49) ~[server1.jar:?]
	at lg$1.b(SourceFile:32) ~[server1.jar:?]
	at la.b(SourceFile:457) ~[server1.jar:?]
	... 15 more
[01:12:25] [Server thread/ERROR]: Couldn't load chunk [-12, -5]
java.util.concurrent.CompletionException: s: Loading NBT data
	at java.util.concurrent.CompletableFuture.reportJoin(Unknown Source) ~[?:1.8.0_251]
	at java.util.concurrent.CompletableFuture.join(Unknown Source) ~[?:1.8.0_251]
	at cgx.a(SourceFile:93) ~[server1.jar:?]
	at cgw.e(SourceFile:60) ~[server1.jar:?]
	at yd.i(SourceFile:858) ~[server1.jar:?]
	at yd.l(SourceFile:520) ~[server1.jar:?]
	at java.util.concurrent.CompletableFuture$AsyncSupply.run(Unknown Source) ~[?:1.8.0_251]
	at alp.c(SourceFile:144) ~[server1.jar:?]
	at yp$a.c(SourceFile:551) ~[server1.jar:?]
	at alp.w(SourceFile:118) ~[server1.jar:?]
	at yp$a.w(SourceFile:560) ~[server1.jar:?]
	at alp.c(SourceFile:127) ~[server1.jar:?]
	at yp.a(SourceFile:140) ~[server1.jar:?]
	at boq.a(SourceFile:228) ~[server1.jar:?]
	at bos.a(SourceFile:108) ~[server1.jar:?]
	at boq.d(SourceFile:223) ~[server1.jar:?]
	at boq.d_(SourceFile:424) ~[server1.jar:?]
	at byh$a.<init>(SourceFile:239) ~[server1.jar:?]
	at byh.c(SourceFile:178) ~[server1.jar:?]
	at bpc.a(SourceFile:70) ~[server1.jar:?]
	at java.util.Optional.map(Unknown Source) ~[?:1.8.0_251]
	at bpc.a(SourceFile:67) ~[server1.jar:?]
	at ano.a(SourceFile:2321) ~[server1.jar:?]
	at bab.a(SourceFile:363) ~[server1.jar:?]
	at ano.bf(SourceFile:1897) ~[server1.jar:?]
	at ano.ad(SourceFile:448) ~[server1.jar:?]
	at ano.h(SourceFile:430) ~[server1.jar:?]
	at bab.h(SourceFile:86) ~[server1.jar:?]
	at yr.a(SourceFile:584) ~[server1.jar:?]
	at boq.a(SourceFile:577) [server1.jar:?]
	at yr.a(SourceFile:399) [server1.jar:?]
	at net.minecraft.server.MinecraftServer.b(SourceFile:827) [server1.jar:?]
	at xr.b(SourceFile:320) [server1.jar:?]
	at net.minecraft.server.MinecraftServer.a(SourceFile:766) [server1.jar:?]
	at net.minecraft.server.MinecraftServer.run(SourceFile:625) [server1.jar:?]
	at java.lang.Thread.run(Unknown Source) [?:1.8.0_251]
Caused by: s: Loading NBT data
	at la.b(SourceFile:463) ~[server1.jar:?]
	at la.a(SourceFile:29) ~[server1.jar:?]
	at la$1.a(SourceFile:69) ~[server1.jar:?]
	at la$1.b(SourceFile:55) ~[server1.jar:?]
	at la.b(SourceFile:457) ~[server1.jar:?]
	at la.a(SourceFile:29) ~[server1.jar:?]
	at la$1.a(SourceFile:69) ~[server1.jar:?]
	at la$1.b(SourceFile:55) ~[server1.jar:?]
	at lk.a(SourceFile:111) ~[server1.jar:?]
	at lk.a(SourceFile:78) ~[server1.jar:?]
	at lk.a(SourceFile:74) ~[server1.jar:?]
	at chb.a(SourceFile:56) ~[server1.jar:?]
	at cgx.b(SourceFile:83) ~[server1.jar:?]
	at cgx.h(SourceFile:194) ~[server1.jar:?]
	at cgx.d(SourceFile:139) ~[server1.jar:?]
	... 1 more
Caused by: java.io.UTFDataFormatException: malformed input around byte 182
	at java.io.DataInputStream.readUTF(Unknown Source) ~[?:1.8.0_251]
	at java.io.DataInputStream.readUTF(Unknown Source) ~[?:1.8.0_251]
	at la.d(SourceFile:452) ~[server1.jar:?]
	at la.b(SourceFile:29) ~[server1.jar:?]
	at la$1.a(SourceFile:66) ~[server1.jar:?]
	at la$1.b(SourceFile:55) ~[server1.jar:?]
	at lg$1.a(SourceFile:49) ~[server1.jar:?]
	at lg$1.b(SourceFile:32) ~[server1.jar:?]
	at la.b(SourceFile:457) ~[server1.jar:?]
	at la.a(SourceFile:29) ~[server1.jar:?]
	at la$1.a(SourceFile:69) ~[server1.jar:?]
	at la$1.b(SourceFile:55) ~[server1.jar:?]
	at la.b(SourceFile:457) ~[server1.jar:?]
	at la.a(SourceFile:29) ~[server1.jar:?]
	at la$1.a(SourceFile:69) ~[server1.jar:?]
	at la$1.b(SourceFile:55) ~[server1.jar:?]
	at lk.a(SourceFile:111) ~[server1.jar:?]
	at lk.a(SourceFile:78) ~[server1.jar:?]
	at lk.a(SourceFile:74) ~[server1.jar:?]
	at chb.a(SourceFile:56) ~[server1.jar:?]
	at cgx.b(SourceFile:83) ~[server1.jar:?]
	at cgx.h(SourceFile:194) ~[server1.jar:?]
	at cgx.d(SourceFile:139) ~[server1.jar:?]
	... 1 more
[01:13:22] [Server thread/INFO]: Mikkstar12 tried to swim in lava
[01:14:50] [Server thread/INFO]: [Daridar: Set own game mode to Survival Mode]
[01:15:54] [Server thread/WARN]: Fetching packet for removed entity bab[''/33406, l='world', x=208.70, y=65.32, z=-517.50]
[01:15:54] [Server thread/WARN]: Fetching packet for removed entity bab[''/33407, l='world', x=208.70, y=65.32, z=-517.50]
[01:15:54] [Server thread/WARN]: Fetching packet for removed entity bab[''/33408, l='world', x=208.70, y=65.32, z=-517.50]
[01:15:54] [Server thread/WARN]: Fetching packet for removed entity bab[''/33409, l='world', x=208.70, y=65.32, z=-517.50]
[01:15:54] [Server thread/WARN]: Fetching packet for removed entity bab[''/33410, l='world', x=208.70, y=65.32, z=-517.50]
[01:16:56] [Server thread/WARN]: Mikkstar12 moved wrongly!
[01:17:10] [Server thread/WARN]: Fetching packet for removed entity bab[''/33966, l='world', x=212.30, y=65.26, z=-517.50]
[01:17:10] [Server thread/WARN]: Fetching packet for removed entity bab[''/33967, l='world', x=212.30, y=65.26, z=-517.50]
[01:17:10] [Server thread/WARN]: Fetching packet for removed entity bab[''/33968, l='world', x=212.30, y=65.26, z=-517.50]
[01:17:10] [Server thread/WARN]: Fetching packet for removed entity bab[''/33969, l='world', x=212.30, y=65.26, z=-517.50]
[01:17:11] [Server thread/WARN]: Fetching packet for removed entity bab[''/33970, l='world', x=212.30, y=65.26, z=-517.50]
[01:17:11] [Server thread/WARN]: Fetching packet for removed entity bab[''/33971, l='world', x=212.30, y=65.26, z=-517.50]
[01:17:15] [Server thread/WARN]: Mikkstar12 moved wrongly!
[01:17:23] [Server thread/WARN]: Mikkstar12 moved wrongly!
[01:17:25] [Server thread/WARN]: Mikkstar12 moved wrongly!
[01:18:58] [Server thread/WARN]: Daridar moved too quickly! -3.467332000974153,10.966426697222914,-13.400227512187598
[01:20:39] [Server thread/INFO]: Villager bck[''/30942, l='world', x=209.49, y=63.94, z=-530.84] died, message: 'Farmer was slain by Zombie'
[01:21:49] [Server thread/WARN]: Mismatch in destroy block pos: fp{x=271, y=64, z=-444} fp{x=269, y=65, z=-445}
[01:21:49] [Server thread/WARN]: Mismatch in destroy block pos: fp{x=271, y=64, z=-444} fp{x=269, y=65, z=-445}
[01:21:49] [Server thread/WARN]: Mismatch in destroy block pos: fp{x=271, y=64, z=-444} fp{x=269, y=65, z=-445}
[01:21:49] [Server thread/WARN]: Mismatch in destroy block pos: fp{x=271, y=64, z=-444} fp{x=269, y=65, z=-445}
[01:21:49] [Server thread/WARN]: Mismatch in destroy block pos: fp{x=271, y=64, z=-444} fp{x=269, y=65, z=-445}
[01:21:49] [Server thread/WARN]: Mismatch in destroy block pos: fp{x=271, y=64, z=-444} fp{x=269, y=65, z=-445}
[01:21:49] [Server thread/WARN]: Mismatch in destroy block pos: fp{x=271, y=64, z=-444} fp{x=269, y=65, z=-445}
[01:21:49] [Server thread/WARN]: Mismatch in destroy block pos: fp{x=271, y=64, z=-444} fp{x=269, y=65, z=-445}
[01:21:49] [Server thread/WARN]: Mismatch in destroy block pos: fp{x=271, y=64, z=-444} fp{x=269, y=65, z=-445}
[01:21:50] [Server thread/WARN]: Mismatch in destroy block pos: fp{x=271, y=64, z=-444} fp{x=269, y=65, z=-445}
[01:21:50] [Server thread/WARN]: Mismatch in destroy block pos: fp{x=271, y=64, z=-444} fp{x=269, y=65, z=-445}
[01:21:50] [Server thread/WARN]: Mismatch in destroy block pos: fp{x=271, y=64, z=-444} fp{x=269, y=65, z=-445}
[01:21:50] [Server thread/WARN]: Mismatch in destroy block pos: fp{x=271, y=64, z=-444} fp{x=269, y=65, z=-445}
[01:21:50] [Server thread/WARN]: Mismatch in destroy block pos: fp{x=271, y=64, z=-444} fp{x=269, y=65, z=-445}
[01:21:50] [Server thread/WARN]: Mismatch in destroy block pos: fp{x=271, y=64, z=-444} fp{x=269, y=65, z=-445}
[01:21:50] [Server thread/WARN]: Mismatch in destroy block pos: fp{x=271, y=64, z=-444} fp{x=269, y=65, z=-445}
[01:21:50] [Server thread/WARN]: Mismatch in destroy block pos: fp{x=271, y=64, z=-444} fp{x=269, y=65, z=-445}
[01:24:38] [Server thread/INFO]: [Daridar: Set own game mode to Creative Mode]
[01:25:02] [Server thread/WARN]: Fetching packet for removed entity bab[''/37737, l='world', x=212.36, y=64.27, z=-517.43]
[01:25:02] [Server thread/WARN]: Fetching packet for removed entity bab[''/37738, l='world', x=212.26, y=64.45, z=-517.50]
[01:27:40] [Server thread/INFO]: Villager bck[''/31323, l='world', x=210.30, y=64.00, z=-517.50] died, message: 'Farmer was burnt to a crisp whilst fighting Daridar'
[01:29:01] [Server thread/WARN]: Fetching packet for removed entity bab[''/38839, l='world', x=208.70, y=65.32, z=-517.50]
[01:29:01] [Server thread/WARN]: Fetching packet for removed entity bab[''/38840, l='world', x=208.70, y=65.32, z=-517.50]
[01:29:02] [Server thread/WARN]: Fetching packet for removed entity bab[''/38841, l='world', x=208.70, y=65.32, z=-517.50]
[01:29:02] [Server thread/WARN]: Fetching packet for removed entity bab[''/38842, l='world', x=208.70, y=65.32, z=-517.50]
[01:29:02] [Server thread/WARN]: Fetching packet for removed entity bab[''/38843, l='world', x=208.70, y=65.32, z=-517.50]
[01:29:02] [Server thread/WARN]: Fetching packet for removed entity bab[''/38844, l='world', x=208.70, y=65.32, z=-517.50]
[01:29:02] [Server thread/WARN]: Fetching packet for removed entity bab[''/38845, l='world', x=208.70, y=65.32, z=-517.50]
[01:29:12] [Server thread/INFO]: [Daridar: Set own game mode to Survival Mode]
[01:29:32] [Server thread/INFO]: [Daridar: Set own game mode to Creative Mode]
[01:29:45] [Server thread/WARN]: Fetching packet for removed entity bab[''/39019, l='world', x=212.30, y=65.26, z=-517.50]
[01:29:45] [Server thread/WARN]: Fetching packet for removed entity bab[''/39020, l='world', x=212.30, y=65.26, z=-517.50]
[01:29:45] [Server thread/WARN]: Fetching packet for removed entity bab[''/39021, l='world', x=212.30, y=65.26, z=-517.50]
[01:29:45] [Server thread/WARN]: Fetching packet for removed entity bab[''/39022, l='world', x=212.30, y=65.26, z=-517.50]
[01:29:46] [Server thread/WARN]: Fetching packet for removed entity bab[''/39023, l='world', x=212.30, y=65.26, z=-517.50]
[01:29:46] [Server thread/WARN]: Fetching packet for removed entity bab[''/39024, l='world', x=212.30, y=65.26, z=-517.50]
[01:33:51] [Server thread/INFO]: [Daridar: Set own game mode to Survival Mode]
[01:34:25] [Server thread/INFO]: Villager bck['bingbong'/38487, l='world', x=210.69, y=64.00, z=-519.30] died, message: 'bingbong was slain by Zombie'
[01:34:32] [Server thread/INFO]: [Daridar: Set own game mode to Creative Mode]
[01:35:51] [Server thread/INFO]: [Daridar: Set own game mode to Survival Mode]
[01:36:03] [Server thread/WARN]: Daridar moved too quickly! 2.6343155767939095,0.5222561664573107,-18.066675283642212
[01:36:06] [Server thread/WARN]: Can't keep up! Is the server overloaded? Running 2016ms or 40 ticks behind
[01:36:24] [Server thread/WARN]: Can't keep up! Is the server overloaded? Running 2869ms or 57 ticks behind
[01:36:45] [Server thread/WARN]: Can't keep up! Is the server overloaded? Running 2011ms or 40 ticks behind
[01:37:30] [Server thread/WARN]: Fetching packet for removed entity bab[''/41771, l='world', x=212.30, y=65.26, z=-517.50]
[01:41:04] [Server thread/WARN]: Daridar moved too quickly! 14.444249634238751,-1.875795748442556,10.708436519212455
[01:41:06] [Server thread/WARN]: Can't keep up! Is the server overloaded? Running 2016ms or 40 ticks behind
[01:42:08] [Server thread/INFO]: [Daridar: Set own game mode to Creative Mode]
[01:42:18] [Server thread/INFO]: Villager bck[''/38774, l='world', x=210.50, y=64.00, z=-517.30] died, message: 'Farmer was burnt to a crisp whilst fighting Daridar'
[01:43:22] [Server thread/INFO]: [Daridar: Set own game mode to Survival Mode]
[01:44:16] [Server thread/WARN]: Fetching packet for removed entity bab[''/44451, l='world', x=208.70, y=65.32, z=-517.50]
[01:44:16] [Server thread/WARN]: Fetching packet for removed entity bab[''/44452, l='world', x=208.70, y=65.32, z=-517.50]
[01:44:16] [Server thread/WARN]: Fetching packet for removed entity bab[''/44453, l='world', x=208.70, y=65.32, z=-517.50]
[01:45:04] [Server thread/WARN]: Fetching packet for removed entity bab[''/44640, l='world', x=212.30, y=65.26, z=-517.50]
[01:45:04] [Server thread/WARN]: Fetching packet for removed entity bab[''/44641, l='world', x=212.30, y=65.26, z=-517.50]
[01:45:04] [Server thread/WARN]: Fetching packet for removed entity bab[''/44642, l='world', x=212.30, y=65.26, z=-517.50]
[01:50:39] [Server thread/INFO]: Villager bck['bingbong'/43972, l='world', x=210.30, y=64.00, z=-519.30] died, message: 'bingbong was slain by Zombie'
[01:51:28] [Server thread/WARN]: Daridar moved too quickly! -1.5014865289685986,2.8540727864725,-17.575024395616992
[01:51:35] [Server thread/WARN]: Can't keep up! Is the server overloaded? Running 2009ms or 40 ticks behind
[01:52:49] [Server thread/INFO]: [Daridar: Set own game mode to Creative Mode]
[01:52:49] [Server thread/INFO]: [Daridar: Set own game mode to Spectator Mode]
[01:53:14] [Server thread/INFO]: [Daridar: Set own game mode to Creative Mode]
[01:53:30] [Server thread/INFO]: Villager bck['bingbong'/44038, l='world', x=210.50, y=64.00, z=-517.30] died, message: 'bingbong was burnt to a crisp whilst fighting Daridar'
[01:54:38] [Server thread/INFO]: [Daridar: Set own game mode to Survival Mode]
[01:55:07] [Server thread/INFO]: [Daridar: Set own game mode to Creative Mode]
[01:55:07] [Server thread/INFO]: [Daridar: Set own game mode to Spectator Mode]
[01:55:23] [Server thread/INFO]: [Daridar: Set own game mode to Survival Mode]
[01:56:26] [chunk IO worker/WARN]: Failed to read chunk [-15, -11]
s: Loading NBT data
	at la.b(SourceFile:463) ~[server1.jar:?]
	at la.a(SourceFile:29) ~[server1.jar:?]
	at la$1.a(SourceFile:69) ~[server1.jar:?]
	at la$1.b(SourceFile:55) ~[server1.jar:?]
	at lg$1.a(SourceFile:49) ~[server1.jar:?]
	at lg$1.b(SourceFile:32) ~[server1.jar:?]
	at la.b(SourceFile:457) ~[server1.jar:?]
	at la.a(SourceFile:29) ~[server1.jar:?]
	at la$1.a(SourceFile:69) ~[server1.jar:?]
	at la$1.b(SourceFile:55) ~[server1.jar:?]
	at lg$1.a(SourceFile:49) ~[server1.jar:?]
	at lg$1.b(SourceFile:32) ~[server1.jar:?]
	at la.b(SourceFile:457) ~[server1.jar:?]
	at la.a(SourceFile:29) ~[server1.jar:?]
	at la$1.a(SourceFile:69) ~[server1.jar:?]
	at la$1.b(SourceFile:55) ~[server1.jar:?]
	at la.b(SourceFile:457) ~[server1.jar:?]
	at la.a(SourceFile:29) ~[server1.jar:?]
	at la$1.a(SourceFile:69) ~[server1.jar:?]
	at la$1.b(SourceFile:55) ~[server1.jar:?]
	at lk.a(SourceFile:111) ~[server1.jar:?]
	at lk.a(SourceFile:78) ~[server1.jar:?]
	at lk.a(SourceFile:74) ~[server1.jar:?]
	at chb.a(SourceFile:56) ~[server1.jar:?]
	at cgx.b(SourceFile:83) ~[server1.jar:?]
	at cgx.h(SourceFile:194) ~[server1.jar:?]
	at cgx.d(SourceFile:139) ~[server1.jar:?]
	at java.lang.Thread.run(Unknown Source) [?:1.8.0_251]
Caused by: java.util.zip.ZipException: invalid distance too far back
	at java.util.zip.InflaterInputStream.read(Unknown Source) ~[?:1.8.0_251]
	at java.io.BufferedInputStream.read1(Unknown Source) ~[?:1.8.0_251]
	at java.io.BufferedInputStream.read(Unknown Source) ~[?:1.8.0_251]
	at java.io.DataInputStream.readFully(Unknown Source) ~[?:1.8.0_251]
	at java.io.DataInputStream.readUTF(Unknown Source) ~[?:1.8.0_251]
	at java.io.DataInputStream.readUTF(Unknown Source) ~[?:1.8.0_251]
	at la.d(SourceFile:452) ~[server1.jar:?]
	at la.b(SourceFile:29) ~[server1.jar:?]
	at la$1.a(SourceFile:66) ~[server1.jar:?]
	at la$1.b(SourceFile:55) ~[server1.jar:?]
	at la.b(SourceFile:457) ~[server1.jar:?]
	... 27 more
[01:56:26] [Server thread/ERROR]: Couldn't load chunk [-15, -11]
java.util.concurrent.CompletionException: s: Loading NBT data
	at java.util.concurrent.CompletableFuture.reportJoin(Unknown Source) ~[?:1.8.0_251]
	at java.util.concurrent.CompletableFuture.join(Unknown Source) ~[?:1.8.0_251]
	at cgx.a(SourceFile:93) ~[server1.jar:?]
	at cgw.e(SourceFile:60) ~[server1.jar:?]
	at yd.i(SourceFile:858) ~[server1.jar:?]
	at yd.l(SourceFile:520) ~[server1.jar:?]
	at java.util.concurrent.CompletableFuture$AsyncSupply.run(Unknown Source) [?:1.8.0_251]
	at alp.c(SourceFile:144) [server1.jar:?]
	at yp$a.c(SourceFile:551) [server1.jar:?]
	at alp.w(SourceFile:118) [server1.jar:?]
	at yp$a.w(SourceFile:560) [server1.jar:?]
	at yp.d(SourceFile:279) [server1.jar:?]
	at net.minecraft.server.MinecraftServer.bb(SourceFile:704) [server1.jar:?]
	at net.minecraft.server.MinecraftServer.w(SourceFile:692) [server1.jar:?]
	at alp.bk(SourceFile:103) [server1.jar:?]
	at net.minecraft.server.MinecraftServer.v(SourceFile:676) [server1.jar:?]
	at net.minecraft.server.MinecraftServer.run(SourceFile:629) [server1.jar:?]
	at java.lang.Thread.run(Unknown Source) [?:1.8.0_251]
Caused by: s: Loading NBT data
	at la.b(SourceFile:463) ~[server1.jar:?]
	at la.a(SourceFile:29) ~[server1.jar:?]
	at la$1.a(SourceFile:69) ~[server1.jar:?]
	at la$1.b(SourceFile:55) ~[server1.jar:?]
	at lg$1.a(SourceFile:49) ~[server1.jar:?]
	at lg$1.b(SourceFile:32) ~[server1.jar:?]
	at la.b(SourceFile:457) ~[server1.jar:?]
	at la.a(SourceFile:29) ~[server1.jar:?]
	at la$1.a(SourceFile:69) ~[server1.jar:?]
	at la$1.b(SourceFile:55) ~[server1.jar:?]
	at lg$1.a(SourceFile:49) ~[server1.jar:?]
	at lg$1.b(SourceFile:32) ~[server1.jar:?]
	at la.b(SourceFile:457) ~[server1.jar:?]
	at la.a(SourceFile:29) ~[server1.jar:?]
	at la$1.a(SourceFile:69) ~[server1.jar:?]
	at la$1.b(SourceFile:55) ~[server1.jar:?]
	at la.b(SourceFile:457) ~[server1.jar:?]
	at la.a(SourceFile:29) ~[server1.jar:?]
	at la$1.a(SourceFile:69) ~[server1.jar:?]
	at la$1.b(SourceFile:55) ~[server1.jar:?]
	at lk.a(SourceFile:111) ~[server1.jar:?]
	at lk.a(SourceFile:78) ~[server1.jar:?]
	at lk.a(SourceFile:74) ~[server1.jar:?]
	at chb.a(SourceFile:56) ~[server1.jar:?]
	at cgx.b(SourceFile:83) ~[server1.jar:?]
	at cgx.h(SourceFile:194) ~[server1.jar:?]
	at cgx.d(SourceFile:139) ~[server1.jar:?]
	... 1 more
Caused by: java.util.zip.ZipException: invalid distance too far back
	at java.util.zip.InflaterInputStream.read(Unknown Source) ~[?:1.8.0_251]
	at java.io.BufferedInputStream.read1(Unknown Source) ~[?:1.8.0_251]
	at java.io.BufferedInputStream.read(Unknown Source) ~[?:1.8.0_251]
	at java.io.DataInputStream.readFully(Unknown Source) ~[?:1.8.0_251]
	at java.io.DataInputStream.readUTF(Unknown Source) ~[?:1.8.0_251]
	at java.io.DataInputStream.readUTF(Unknown Source) ~[?:1.8.0_251]
	at la.d(SourceFile:452) ~[server1.jar:?]
	at la.b(SourceFile:29) ~[server1.jar:?]
	at la$1.a(SourceFile:66) ~[server1.jar:?]
	at la$1.b(SourceFile:55) ~[server1.jar:?]
	at la.b(SourceFile:457) ~[server1.jar:?]
	at la.a(SourceFile:29) ~[server1.jar:?]
	at la$1.a(SourceFile:69) ~[server1.jar:?]
	at la$1.b(SourceFile:55) ~[server1.jar:?]
	at lg$1.a(SourceFile:49) ~[server1.jar:?]
	at lg$1.b(SourceFile:32) ~[server1.jar:?]
	at la.b(SourceFile:457) ~[server1.jar:?]
	at la.a(SourceFile:29) ~[server1.jar:?]
	at la$1.a(SourceFile:69) ~[server1.jar:?]
	at la$1.b(SourceFile:55) ~[server1.jar:?]
	at lg$1.a(SourceFile:49) ~[server1.jar:?]
	at lg$1.b(SourceFile:32) ~[server1.jar:?]
	at la.b(SourceFile:457) ~[server1.jar:?]
	at la.a(SourceFile:29) ~[server1.jar:?]
	at la$1.a(SourceFile:69) ~[server1.jar:?]
	at la$1.b(SourceFile:55) ~[server1.jar:?]
	at la.b(SourceFile:457) ~[server1.jar:?]
	at la.a(SourceFile:29) ~[server1.jar:?]
	at la$1.a(SourceFile:69) ~[server1.jar:?]
	at la$1.b(SourceFile:55) ~[server1.jar:?]
	at lk.a(SourceFile:111) ~[server1.jar:?]
	at lk.a(SourceFile:78) ~[server1.jar:?]
	at lk.a(SourceFile:74) ~[server1.jar:?]
	at chb.a(SourceFile:56) ~[server1.jar:?]
	at cgx.b(SourceFile:83) ~[server1.jar:?]
	at cgx.h(SourceFile:194) ~[server1.jar:?]
	at cgx.d(SourceFile:139) ~[server1.jar:?]
	... 1 more
[01:57:05] [Server thread/INFO]: Mikkstar12 lost connection: Disconnected
[01:57:05] [Server thread/INFO]: Mikkstar12 left the game
[01:57:20] [User Authenticator #7/INFO]: UUID of player Mikkstar12 is 71539990-5192-4d00-ab15-cbc3250903d3
[01:57:20] [Server thread/INFO]: Mikkstar12[/142.120.127.9:59254] logged in with entity id 48554 at (-1222.568554293352, 64.0, -512.5994865605892)
[01:57:20] [Server thread/INFO]: Mikkstar12 joined the game
[01:58:56] [Server thread/INFO]: Mikkstar12 lost connection: Disconnected
[01:58:56] [Server thread/INFO]: Mikkstar12 left the game
[01:59:00] [User Authenticator #8/INFO]: UUID of player Mikkstar12 is 71539990-5192-4d00-ab15-cbc3250903d3
[01:59:00] [Server thread/INFO]: Mikkstar12[/142.120.127.9:59265] logged in with entity id 49341 at (-1227.1784782251616, 63.0, -472.94145387397)
[01:59:00] [Server thread/INFO]: Mikkstar12 joined the game
[01:59:36] [Server thread/WARN]: Fetching packet for removed entity bab[''/49704, l='world', x=208.70, y=65.32, z=-517.50]
[01:59:36] [Server thread/WARN]: Fetching packet for removed entity bab[''/49705, l='world', x=208.70, y=65.32, z=-517.50]
[01:59:36] [Server thread/WARN]: Fetching packet for removed entity bab[''/49706, l='world', x=208.70, y=65.32, z=-517.50]
[01:59:36] [Server thread/WARN]: Fetching packet for removed entity bab[''/49707, l='world', x=208.70, y=65.32, z=-517.50]
[01:59:36] [Server thread/WARN]: Fetching packet for removed entity bab[''/49708, l='world', x=208.70, y=65.32, z=-517.50]
[01:59:36] [Server thread/WARN]: Fetching packet for removed entity bab[''/49709, l='world', x=208.70, y=65.32, z=-517.50]
[01:59:36] [Server thread/WARN]: Fetching packet for removed entity bab[''/49710, l='world', x=208.70, y=65.32, z=-517.50]
[01:59:36] [Server thread/WARN]: Fetching packet for removed entity bab[''/49711, l='world', x=208.70, y=65.32, z=-517.50]
[01:59:40] [Server thread/INFO]: [Daridar: Saved the game]
[01:59:51] [Server thread/INFO]: [Daridar: Set own game mode to Creative Mode]
[02:00:04] [Server thread/WARN]: Fetching packet for removed entity bab[''/49833, l='world', x=212.30, y=65.26, z=-517.50]
[02:00:04] [Server thread/WARN]: Fetching packet for removed entity bab[''/49834, l='world', x=212.30, y=65.26, z=-517.50]
[02:00:04] [Server thread/WARN]: Fetching packet for removed entity bab[''/49835, l='world', x=212.30, y=65.26, z=-517.50]
[02:00:04] [Server thread/WARN]: Fetching packet for removed entity bab[''/49836, l='world', x=212.30, y=65.26, z=-517.50]
[02:00:04] [Server thread/WARN]: Fetching packet for removed entity bab[''/49837, l='world', x=212.30, y=65.26, z=-517.50]
[02:00:04] [Server thread/WARN]: Fetching packet for removed entity bab[''/49838, l='world', x=212.30, y=65.26, z=-517.50]
[02:00:15] [Server thread/INFO]: Mikkstar12 lost connection: Disconnected
[02:00:15] [Server thread/INFO]: Mikkstar12 left the game
[02:00:39] [Server thread/INFO]: [Daridar: Set own game mode to Survival Mode]
[02:02:21] [Server thread/INFO]: [Daridar: Saved the game]
[02:06:30] [Server thread/INFO]: [Daridar: Set the time to 1000]
[02:06:39] [Server thread/INFO]: [Daridar: Set own game mode to Creative Mode]
[02:06:47] [Server thread/INFO]: [Daridar: Set own game mode to Spectator Mode]
[02:07:03] [Server thread/INFO]: [Daridar: Set own game mode to Creative Mode]
[02:07:07] [Server thread/INFO]: [Daridar: Set own game mode to Survival Mode]
[02:07:09] [Server thread/INFO]: Daridar lost connection: Disconnected
[02:07:09] [Server thread/INFO]: Daridar left the game
[02:07:19] [Server thread/INFO]: Saving the game (this may take a moment!)
[02:07:19] [Server thread/INFO]: Saved the game
[02:07:22] [Server thread/INFO]: Stopping the server
[02:07:22] [Server thread/INFO]: Stopping server
[02:07:22] [Server thread/INFO]: Saving players
[02:07:22] [Server thread/INFO]: Saving worlds
[02:07:22] [Server thread/INFO]: Saving chunks for level 'world'/minecraft:the_nether
[02:07:22] [Server thread/INFO]: ThreadedAnvilChunkStorage (DIM-1): All chunks are saved
[02:07:22] [Server thread/INFO]: Saving chunks for level 'world'/minecraft:overworld
[02:07:22] [Server thread/INFO]: ThreadedAnvilChunkStorage (world): All chunks are saved
[02:07:22] [Server thread/INFO]: Saving chunks for level 'world'/minecraft:the_end
[02:07:22] [Server thread/INFO]: ThreadedAnvilChunkStorage (DIM1): All chunks are saved
[02:07:22] [Server thread/INFO]: ThreadedAnvilChunkStorage (DIM-1): All chunks are saved
[02:07:22] [Server thread/INFO]: ThreadedAnvilChunkStorage (world): All chunks are saved
[02:07:22] [Server thread/INFO]: ThreadedAnvilChunkStorage (DIM1): All chunks are saved
