[15:45:25] [main/INFO]: Environment: authHost='https://authserver.mojang.com', accountsHost='https://api.mojang.com', sessionHost='https://sessionserver.mojang.com', name='PROD'
[15:45:26] [main/WARN]: Ambiguity between arguments [teleport, destination] and [teleport, targets] with inputs: [Player, 0123, @e, dd12be42-52a9-4a91-a8a1-11c01849e498]
[15:45:26] [main/WARN]: Ambiguity between arguments [teleport, location] and [teleport, destination] with inputs: [0.1 -0.5 .9, 0 0 0]
[15:45:26] [main/WARN]: Ambiguity between arguments [teleport, location] and [teleport, targets] with inputs: [0.1 -0.5 .9, 0 0 0]
[15:45:26] [main/WARN]: Ambiguity between arguments [teleport, targets] and [teleport, destination] with inputs: [Player, 0123, dd12be42-52a9-4a91-a8a1-11c01849e498]
[15:45:26] [main/WARN]: Ambiguity between arguments [teleport, targets, location] and [teleport, targets, destination] with inputs: [0.1 -0.5 .9, 0 0 0]
[15:45:26] [main/INFO]: Reloading ResourceManager: Default, player head drops v1.0.0.zip, double shulker shells v1.2.0.zip, multiplayer sleep v1.0.1.zip, Plated_Elytra_3.0.zip
[15:45:27] [Worker-Main-6/INFO]: Loaded 7 recipes
[15:45:27] [Worker-Main-6/WARN]: Found validation problem in {minecraft:entities/shulker}.pools[1].entries[0]: Unknown loot table called minecraft:entities/reference/mmh/shulker
[15:45:27] [Worker-Main-6/INFO]: Loaded 933 advancements
[15:45:28] [Server thread/INFO]: Starting minecraft server version 1.16
[15:45:28] [Server thread/INFO]: Loading properties
[15:45:28] [Server thread/INFO]: Default game type: SURVIVAL
[15:45:28] [Server thread/INFO]: Generating keypair
[15:45:28] [Server thread/INFO]: Starting Minecraft server on *:25565
[15:45:28] [Server thread/INFO]: Using default channel type
[15:45:29] [Server thread/INFO]: Preparing level "world"
[15:45:29] [Server thread/INFO]: Preparing start region for dimension minecraft:overworld
[15:45:30] [Server thread/INFO]: Preparing spawn area: 0%
[15:45:30] [Server thread/INFO]: Preparing spawn area: 0%
[15:45:30] [Server thread/INFO]: Preparing spawn area: 0%
[15:45:30] [Server thread/INFO]: Preparing spawn area: 0%
[15:45:31] [Server thread/INFO]: Preparing spawn area: 53%
[15:45:35] [Server thread/INFO]: Time elapsed: 5900 ms
[15:45:35] [Server thread/INFO]: Done (6.162s)! For help, type "help"
[15:45:37] [Server thread/WARN]: Can't keep up! Is the server overloaded? Running 2405ms or 48 ticks behind
[15:46:08] [Server thread/WARN]: Can't keep up! Is the server overloaded? Running 2727ms or 54 ticks behind
[15:49:43] [Server thread/WARN]: Can't keep up! Is the server overloaded? Running 2732ms or 54 ticks behind
[15:50:20] [User Authenticator #1/INFO]: UUID of player Im_not_single is d6240600-1ff2-4c01-b80a-08185613a075
[15:50:20] [Server thread/INFO]: Im_not_single[/192.168.2.30:50110] logged in with entity id 589 at (193.82566820843422, 157.99883774128617, -933.1874799825142)
[15:50:20] [Server thread/INFO]: Im_not_single joined the game
[15:50:44] [Server thread/WARN]: Im_not_single moved too quickly! -6.891266798848932,0.0,-8.429439765711777
[15:51:12] [Server thread/INFO]: [Im_not_single: Gave 1 [Barrier] to Im_not_single]
[15:52:18] [Server thread/WARN]: Im_not_single moved too quickly! 5.547047975619364,0.06723129867151556,8.66522659102884
[15:52:18] [Server thread/WARN]: Can't keep up! Is the server overloaded? Running 2534ms or 50 ticks behind
[15:56:31] [Server thread/INFO]: [Im_not_single: Gave 128 [Barrier] to Im_not_single]
[15:57:12] [Server thread/INFO]: [Im_not_single: Set own game mode to Survival Mode]
[15:57:23] [Server thread/INFO]: Im_not_single lost connection: Disconnected
[15:57:23] [Server thread/INFO]: Im_not_single left the game
[15:59:11] [Server thread/INFO]: Saving the game (this may take a moment!)
[15:59:11] [Server thread/INFO]: Saved the game
[15:59:14] [Server thread/INFO]: Stopping the server
[15:59:14] [Server thread/INFO]: Stopping server
[15:59:14] [Server thread/INFO]: Saving players
[15:59:14] [Server thread/INFO]: Saving worlds
[15:59:14] [Server thread/INFO]: Saving chunks for level 'ServerLevel[world]'/minecraft:overworld
[15:59:14] [Server thread/INFO]: ThreadedAnvilChunkStorage (world): All chunks are saved
[15:59:14] [Server thread/INFO]: Saving chunks for level 'ServerLevel[world]'/minecraft:the_nether
[15:59:14] [Server thread/INFO]: ThreadedAnvilChunkStorage (DIM-1): All chunks are saved
[15:59:14] [Server thread/INFO]: Saving chunks for level 'ServerLevel[world]'/minecraft:the_end
[15:59:14] [Server thread/INFO]: ThreadedAnvilChunkStorage (DIM1): All chunks are saved
[15:59:14] [Server thread/INFO]: ThreadedAnvilChunkStorage (world): All chunks are saved
[15:59:14] [Server thread/INFO]: ThreadedAnvilChunkStorage (DIM-1): All chunks are saved
[15:59:14] [Server thread/INFO]: ThreadedAnvilChunkStorage (DIM1): All chunks are saved
